[2026-04-02 12:18:29] Production.INFO: Activation code not found from init  
[2026-04-02 12:18:30] Production.INFO: Activation code not found from init  
[2026-04-02 12:18:31] Production.INFO: Activation code not found from init  
[2026-04-02 12:18:31] Production.INFO: Activation code not found from init  
[2026-04-02 12:18:31] Production.INFO: Activation code not found from init  
[2026-04-02 12:18:31] Production.INFO: Activation code not found from init  
[2026-04-02 12:18:32] Production.INFO: Activation code not found from init  
[2026-04-02 12:18:44] Production.INFO: Activation code not found from init  
[2026-04-02 12:18:54] Production.INFO: Activation code not found from init  
[2026-04-02 12:19:04] Production.INFO: Activation code not found from init  
[2026-04-02 12:19:14] Production.INFO: Activation code not found from init  
[2026-04-02 12:19:24] Production.INFO: Activation code not found from init  
[2026-04-02 12:19:34] Production.INFO: Activation code not found from init  
[2026-04-02 12:19:44] Production.INFO: Activation code not found from init  
[2026-04-02 12:19:57] Production.INFO: Activation code not found from init  
[2026-04-02 12:20:22] Production.INFO: Activation code not found from init  
[2026-04-02 12:21:01] Production.INFO: Activation code not found from init  
[2026-04-02 12:21:17] Production.INFO: Activation code not found from init  
[2026-04-02 12:21:27] Production.INFO: Activation code not found from init  
[2026-04-02 12:21:37] Production.INFO: Activation code not found from init  
[2026-04-02 12:21:47] Production.INFO: Activation code not found from init  
[2026-04-02 12:21:57] Production.INFO: Activation code not found from init  
[2026-04-02 12:22:07] Production.INFO: Activation code not found from init  
[2026-04-02 12:22:17] Production.INFO: Activation code not found from init  
[2026-04-02 12:22:27] Production.INFO: Activation code not found from init  
[2026-04-02 12:22:37] Production.INFO: Activation code not found from init  
[2026-04-02 12:22:47] Production.INFO: Activation code not found from init  
[2026-04-02 12:22:57] Production.INFO: Activation code not found from init  
[2026-04-02 12:23:07] Production.INFO: Activation code not found from init  
[2026-04-02 12:23:17] Production.INFO: Activation code not found from init  
[2026-04-02 12:23:27] Production.INFO: Activation code not found from init  
[2026-04-02 12:23:37] Production.INFO: Activation code not found from init  
[2026-04-02 12:23:47] Production.INFO: Activation code not found from init  
[2026-04-02 12:23:57] Production.INFO: Activation code not found from init  
[2026-04-02 12:24:07] Production.INFO: Activation code not found from init  
[2026-04-02 12:24:17] Production.INFO: Activation code not found from init  
[2026-04-02 12:24:27] Production.INFO: Activation code not found from init  
[2026-04-02 12:24:37] Production.INFO: Activation code not found from init  
[2026-04-02 12:24:47] Production.INFO: Activation code not found from init  
[2026-04-02 12:24:57] Production.INFO: Activation code not found from init  
[2026-04-02 12:25:07] Production.INFO: Activation code not found from init  
[2026-04-02 12:25:17] Production.INFO: Activation code not found from init  
[2026-04-02 12:25:27] Production.INFO: Activation code not found from init  
[2026-04-02 12:25:38] Production.INFO: Activation code not found from init  
[2026-04-02 12:25:53] Production.INFO: Activation code not found from init  
[2026-04-02 12:26:15] Production.INFO: Activation code not found from init  
[2026-04-02 12:26:55] Production.INFO: Activation code not found from init  
[2026-04-02 12:27:24] Production.INFO: Activation code not found from init  
[2026-04-02 12:28:35] Production.INFO: Activation code not found from init  
[2026-04-02 12:29:07] Production.INFO: Activation code not found from init  
[2026-04-02 12:29:17] Production.INFO: Activation code not found from init  
[2026-04-02 12:29:18] Production.INFO: Activation code not found from init  
[2026-04-02 12:29:22] Production.INFO: Activation code not found from init  
[2026-04-02 12:29:34] Production.INFO: Activation code not found from init  
[2026-04-02 12:29:43] Production.INFO: Activation code not found from init  
[2026-04-02 12:29:43] Production.INFO: Activation code not found from init  
[2026-04-02 12:29:44] Production.INFO: Activation code not found from init  
[2026-04-02 12:29:54] Production.INFO: Activation code not found from init  
[2026-04-02 12:30:07] Production.INFO: Activation code not found from init  
[2026-04-02 12:30:15] Production.INFO: Activation code not found from init  
[2026-04-02 12:30:25] Production.INFO: Activation code not found from init  
[2026-04-02 12:30:26] Production.INFO: Activation code not found from init  
[2026-04-02 12:30:33] Production.INFO: Activation code not found from init  
[2026-04-02 12:30:34] Production.INFO: Activation code not found from init  
[2026-04-02 12:30:35] Production.INFO: Activation code not found from init  
[2026-04-02 12:30:35] Production.INFO: Activation code not found from init  
[2026-04-02 12:30:35] Production.INFO: Activation code not found from init  
[2026-04-02 12:30:35] Production.INFO: Activation code not found from init  
[2026-04-02 12:30:37] Production.INFO: Activation code not found from init  
[2026-04-02 12:30:49] Production.INFO: Activation code not found from init  
[2026-04-02 12:30:59] Production.INFO: Activation code not found from init  
[2026-04-02 12:31:09] Production.INFO: Activation code not found from init  
[2026-04-02 12:31:19] Production.INFO: Activation code not found from init  
[2026-04-02 12:31:30] Production.INFO: Activation code not found from init  
[2026-04-02 12:31:39] Production.INFO: Activation code not found from init  
[2026-04-02 12:31:58] Production.INFO: Activation code not found from init  
[2026-04-02 12:32:31] Production.INFO: Activation code not found from init  
[2026-04-02 12:33:26] Production.INFO: Activation code not found from init  
[2026-04-02 12:34:36] Production.INFO: Activation code not found from init  
[2026-04-02 12:36:51] Production.INFO: Activation code not found from init  
[2026-04-02 13:00:36] Production.INFO: Activation code not found from init  
[2026-04-02 13:20:41] Production.INFO: Activation code not found from init  
[2026-04-02 13:20:50] Production.INFO: Activation code not found from init  
[2026-04-02 13:21:01] Production.INFO: Activation code not found from init  
[2026-04-02 13:21:03] Production.INFO: Activation code not found from init  
[2026-04-02 13:21:15] Production.INFO: Activation code not found from init  
[2026-04-02 13:21:28] Production.INFO: Activation code not found from init  
[2026-04-02 13:21:30] Production.INFO: Activation code not found from init  
[2026-04-02 13:21:42] Production.INFO: Activation code not found from init  
[2026-04-02 13:21:54] Production.INFO: Activation code not found from init  
[2026-04-02 13:21:55] Production.INFO: Activation code not found from init  
[2026-04-02 13:21:55] Production.INFO: Activation code not found from init  
[2026-04-02 13:22:08] Production.INFO: Activation code not found from init  
[2026-04-02 13:22:10] Production.INFO: Activation code not found from init  
[2026-04-02 13:22:13] Production.INFO: Activation code not found from init  
[2026-04-02 13:22:23] Production.INFO: Activation code not found from init  
[2026-04-02 13:22:23] Production.INFO: Activation code not found from init  
[2026-04-02 13:22:33] Production.INFO: Activation code not found from init  
[2026-04-02 13:22:35] Production.INFO: Activation code not found from init  
[2026-04-02 13:22:43] Production.INFO: Activation code not found from init  
[2026-04-02 13:22:45] Production.INFO: Activation code not found from init  
[2026-04-02 13:22:53] Production.INFO: Activation code not found from init  
[2026-04-02 13:22:54] Production.INFO: Activation code not found from init  
[2026-04-02 13:23:03] Production.INFO: Activation code not found from init  
[2026-04-02 13:23:05] Production.INFO: Activation code not found from init  
[2026-04-02 13:23:18] Production.INFO: Activation code not found from init  
[2026-04-02 13:23:19] Production.INFO: Activation code not found from init  
[2026-04-02 13:23:25] Production.INFO: Activation code not found from init  
[2026-04-02 13:23:25] Production.INFO: Activation code not found from init  
[2026-04-02 13:23:35] Production.INFO: Activation code not found from init  
[2026-04-02 13:23:45] Production.INFO: Activation code not found from init  
[2026-04-02 13:23:55] Production.INFO: Activation code not found from init  
[2026-04-02 13:23:57] Production.INFO: Activation code not found from init  
[2026-04-02 13:24:05] Production.INFO: Activation code not found from init  
[2026-04-02 13:24:17] Production.INFO: Activation code not found from init  
[2026-04-02 13:24:25] Production.INFO: Activation code not found from init  
[2026-04-02 13:24:35] Production.INFO: Activation code not found from init  
[2026-04-02 13:24:36] Production.INFO: Activation code not found from init  
[2026-04-02 13:24:45] Production.INFO: Activation code not found from init  
[2026-04-02 13:24:55] Production.INFO: Activation code not found from init  
[2026-04-02 13:25:06] Production.INFO: Activation code not found from init  
[2026-04-02 13:25:15] Production.INFO: Activation code not found from init  
[2026-04-02 13:25:25] Production.INFO: Activation code not found from init  
[2026-04-02 13:25:35] Production.INFO: Activation code not found from init  
[2026-04-02 13:25:45] Production.INFO: Activation code not found from init  
[2026-04-02 13:25:47] Production.INFO: Activation code not found from init  
[2026-04-02 13:25:56] Production.INFO: Activation code not found from init  
[2026-04-02 13:26:05] Production.INFO: Activation code not found from init  
[2026-04-02 13:26:15] Production.INFO: Activation code not found from init  
[2026-04-02 13:26:25] Production.INFO: Activation code not found from init  
[2026-04-02 13:26:35] Production.INFO: Activation code not found from init  
[2026-04-02 13:26:45] Production.INFO: Activation code not found from init  
[2026-04-02 13:26:55] Production.INFO: Activation code not found from init  
[2026-04-02 13:27:06] Production.INFO: Activation code not found from init  
[2026-04-02 13:27:28] Production.INFO: Activation code not found from init  
[2026-04-02 13:27:55] Production.INFO: Activation code not found from init  
[2026-04-02 13:27:58] Production.INFO: Activation code not found from init  
[2026-04-02 14:15:37] Production.INFO: Activation code not found from init  
[2026-04-02 14:50:41] Production.INFO: Activation code not found from init  
[2026-04-02 14:50:50] Production.INFO: Activation code not found from init  
[2026-04-02 14:51:01] Production.INFO: Activation code not found from init  
[2026-04-02 14:51:15] Production.INFO: Activation code not found from init  
[2026-04-02 14:51:36] Production.INFO: Activation code not found from init  
[2026-04-02 14:51:40] Production.INFO: Activation code not found from init  
[2026-04-02 14:51:58] Production.INFO: Activation code not found from init  
[2026-04-02 14:52:38] Production.INFO: Activation code not found from init  
[2026-04-02 14:52:55] Production.INFO: Activation code not found from init  
[2026-04-02 14:53:06] Production.INFO: Activation code not found from init  
[2026-04-02 14:53:17] Production.INFO: Activation code not found from init  
[2026-04-02 14:53:18] Production.INFO: Activation code not found from init  
[2026-04-02 14:53:19] Production.INFO: Activation code not found from init  
[2026-04-02 14:53:29] Production.INFO: Activation code not found from init  
[2026-04-02 14:53:30] Production.INFO: Activation code not found from init  
[2026-04-02 14:53:39] Production.INFO: Activation code not found from init  
[2026-04-02 14:53:42] Production.INFO: Activation code not found from init  
[2026-04-02 14:53:43] Production.INFO: Activation code not found from init  
[2026-04-02 14:53:54] Production.INFO: Activation code not found from init  
[2026-04-02 14:53:55] Production.INFO: Activation code not found from init  
[2026-04-02 14:54:13] Production.INFO: Activation code not found from init  
[2026-04-02 14:54:14] Production.INFO: Activation code not found from init  
[2026-04-02 14:54:28] Production.INFO: Activation code not found from init  
[2026-04-02 14:54:50] Production.INFO: Activation code not found from init  
[2026-04-02 14:54:51] Production.INFO: Activation code not found from init  
[2026-04-02 14:55:22] Production.INFO: Activation code not found from init  
[2026-04-02 14:55:31] Production.INFO: Activation code not found from init  
[2026-04-02 14:55:31] Production.INFO: Activation code not found from init  
[2026-04-02 14:56:18] Production.INFO: Activation code not found from init  
[2026-04-02 14:56:39] Production.INFO: Activation code not found from init  
[2026-04-02 14:56:40] Production.INFO: Activation code not found from init  
[2026-04-02 14:57:12] Production.INFO: Activation code not found from init  
[2026-04-02 14:58:08] Production.INFO: Activation code not found from init  
[2026-04-02 14:58:11] Production.INFO: Activation code not found from init  
[2026-04-02 14:58:37] Production.INFO: Activation code not found from init  
[2026-04-02 14:59:20] Production.INFO: Activation code not found from init  
[2026-04-02 14:59:20] Production.INFO: Activation code not found from init  
[2026-04-02 15:00:08] Production.INFO: Activation code not found from init  
[2026-04-02 15:00:32] Production.INFO: Activation code not found from init  
[2026-04-02 15:01:56] Production.INFO: Activation code not found from init  
[2026-04-02 15:02:06] Production.INFO: Activation code not found from init  
[2026-04-02 15:17:39] Production.INFO: Activation code not found from init  
[2026-04-02 15:33:16] Production.INFO: Activation code not found from init  
[2026-04-02 15:34:42] Production.INFO: Activation code not found from init  
[2026-04-02 15:46:23] Production.INFO: Activation code not found from init  
[2026-04-02 15:46:23] Production.INFO: Activation code not found from init  
[2026-04-02 15:46:29] Production.INFO: Activation code not found from init  
[2026-04-02 15:46:30] Production.INFO: Activation code not found from init  
[2026-04-02 15:46:38] Production.INFO: Activation code not found from init  
[2026-04-02 15:46:39] Production.INFO: Activation code not found from init  
[2026-04-02 15:46:53] Production.INFO: Activation code not found from init  
[2026-04-02 15:47:03] Production.INFO: Activation code not found from init  
[2026-04-02 15:47:13] Production.INFO: Activation code not found from init  
[2026-04-02 15:47:16] Production.INFO: Activation code not found from init  
[2026-04-02 15:47:22] Production.INFO: Activation code not found from init  
[2026-04-02 15:47:26] Production.INFO: Activation code not found from init  
[2026-04-02 15:47:32] Production.INFO: Activation code not found from init  
[2026-04-02 15:47:40] Production.INFO: Activation code not found from init  
[2026-04-02 15:47:43] Production.INFO: Activation code not found from init  
[2026-04-02 15:47:59] Production.INFO: Activation code not found from init  
[2026-04-02 15:48:05] Production.INFO: Activation code not found from init  
[2026-04-02 15:48:18] Production.INFO: Activation code not found from init  
[2026-04-02 15:48:24] Production.INFO: Activation code not found from init  
[2026-04-02 15:48:33] Production.INFO: Activation code not found from init  
[2026-04-02 15:48:34] Production.INFO: Activation code not found from init  
[2026-04-02 15:48:36] Production.INFO: Activation code not found from init  
[2026-04-02 15:48:43] Production.INFO: Activation code not found from init  
[2026-04-02 15:48:48] Production.INFO: Activation code not found from init  
[2026-04-02 15:49:03] Production.INFO: Activation code not found from init  
[2026-04-02 15:49:15] Production.INFO: Activation code not found from init  
[2026-04-02 15:49:23] Production.INFO: Activation code not found from init  
[2026-04-02 15:49:24] Production.INFO: Activation code not found from init  
[2026-04-02 15:49:33] Production.INFO: Activation code not found from init  
[2026-04-02 15:49:39] Production.INFO: Activation code not found from init  
[2026-04-02 15:49:41] Production.INFO: Activation code not found from init  
[2026-04-02 15:49:41] Production.INFO: Activation code not found from init  
[2026-04-02 15:49:42] Production.INFO: Activation code not found from init  
[2026-04-02 15:49:42] Production.INFO: Activation code not found from init  
[2026-04-02 15:49:42] Production.INFO: Activation code not found from init  
[2026-04-02 15:50:00] Production.INFO: Activation code not found from init  
[2026-04-02 15:50:05] Production.INFO: Activation code not found from init  
[2026-04-02 15:50:09] Production.INFO: Activation code not found from init  
[2026-04-02 15:50:39] Production.INFO: Activation code not found from init  
[2026-04-02 15:50:43] Production.INFO: Activation code not found from init  
[2026-04-02 15:50:54] Production.INFO: Activation code not found from init  
[2026-04-02 15:50:55] Production.INFO: Activation code not found from init  
[2026-04-02 15:51:13] Production.INFO: Activation code not found from init  
[2026-04-02 15:51:17] Production.INFO: Activation code not found from init  
[2026-04-02 15:51:20] Production.INFO: Activation code not found from init  
[2026-04-02 15:51:40] Production.INFO: Activation code not found from init  
[2026-04-02 15:51:41] Production.INFO: Activation code not found from init  
[2026-04-02 15:51:55] Production.INFO: Activation code not found from init  
[2026-04-02 15:52:07] Production.INFO: Activation code not found from init  
[2026-04-02 15:52:12] Production.INFO: Activation code not found from init  
[2026-04-02 15:52:15] Production.INFO: Activation code not found from init  
[2026-04-02 15:52:33] Production.INFO: Activation code not found from init  
[2026-04-02 15:52:33] Production.INFO: Activation code not found from init  
[2026-04-02 15:52:47] Production.INFO: Activation code not found from init  
[2026-04-02 15:52:57] Production.INFO: Activation code not found from init  
[2026-04-02 15:53:08] Production.INFO: Activation code not found from init  
[2026-04-02 15:53:08] Production.INFO: Activation code not found from init  
[2026-04-02 15:53:11] Production.INFO: Activation code not found from init  
[2026-04-02 15:53:23] Production.INFO: Activation code not found from init  
[2026-04-02 15:53:29] Production.INFO: Activation code not found from init  
[2026-04-02 15:53:33] Production.INFO: Activation code not found from init  
[2026-04-02 15:53:45] Production.INFO: Activation code not found from init  
[2026-04-02 15:53:52] Production.INFO: Activation code not found from init  
[2026-04-02 15:53:54] Production.INFO: Activation code not found from init  
[2026-04-02 15:54:08] Production.INFO: Activation code not found from init  
[2026-04-02 15:54:15] Production.INFO: Activation code not found from init  
[2026-04-02 15:54:17] Production.INFO: Activation code not found from init  
[2026-04-02 15:54:27] Production.INFO: Activation code not found from init  
[2026-04-02 15:54:29] Production.INFO: Activation code not found from init  
[2026-04-02 15:54:30] Production.INFO: ErrorException: Attempt to read property "role_id" on null in /home/u841409365/domains/test-technoprint.online/public_html/erpv2/app/SmsTemplate.php:23
Stack trace:
#0 /home/u841409365/domains/test-technoprint.online/public_html/erpv2/vendor/laravel/framework/src/Illuminate/Foundation/Bootstrap/HandleExceptions.php(256): Illuminate\Foundation\Bootstrap\HandleExceptions->handleError()
#1 /home/u841409365/domains/test-technoprint.online/public_html/erpv2/app/SmsTemplate.php(23): Illuminate\Foundation\Bootstrap\HandleExceptions->Illuminate\Foundation\Bootstrap\{closure}()
#2 /home/u841409365/domains/test-technoprint.online/public_html/erpv2/app/Traits/NotificationSend.php(192): App\SmsTemplate::smsTempleteToBody()
#3 /home/u841409365/domains/test-technoprint.online/public_html/erpv2/app/Traits/NotificationSend.php(102): App\Http\Controllers\Admin\StudentInfo\SmStudentAdmissionController->send_sms()
#4 /home/u841409365/domains/test-technoprint.online/public_html/erpv2/app/Http/Controllers/Admin/StudentInfo/SmStudentAdmissionController.php(494): App\Http\Controllers\Admin\StudentInfo\SmStudentAdmissionController->sent_notifications()
#5 /home/u841409365/domains/test-technoprint.online/public_html/erpv2/vendor/laravel/framework/src/Illuminate/Routing/Controller.php(54): App\Http\Controllers\Admin\StudentInfo\SmStudentAdmissionController->store()
#6 /home/u841409365/domains/test-technoprint.online/public_html/erpv2/vendor/laravel/framework/src/Illuminate/Routing/ControllerDispatcher.php(43): Illuminate\Routing\Controller->callAction()
#7 /home/u841409365/domains/test-technoprint.online/public_html/erpv2/vendor/laravel/framework/src/Illuminate/Routing/Route.php(265): Illuminate\Routing\ControllerDispatcher->dispatch()
#8 /home/u841409365/domains/test-technoprint.online/public_html/erpv2/vendor/laravel/framework/src/Illuminate/Routing/Route.php(211): Illuminate\Routing\Route->runController()
#9 /home/u841409365/domains/test-technoprint.online/public_html/erpv2/vendor/laravel/framework/src/Illuminate/Routing/Router.php(808): Illuminate\Routing\Route->run()
#10 /home/u841409365/domains/test-technoprint.online/public_html/erpv2/vendor/laravel/framework/src/Illuminate/Pipeline/Pipeline.php(169): Illuminate\Routing\Router->Illuminate\Routing\{closure}()
#11 /home/u841409365/domains/test-technoprint.online/public_html/erpv2/app/Http/Middleware/UserRolePermission.php(54): Illuminate\Pipeline\Pipeline->Illuminate\Pipeline\{closure}()
#12 /home/u841409365/domains/test-technoprint.online/public_html/erpv2/vendor/laravel/framework/src/Illuminate/Pipeline/Pipeline.php(208): App\Http\Middleware\UserRolePermission->handle()
#13 /home/u841409365/domains/test-technoprint.online/public_html/erpv2/app/Http/Middleware/CheckDashboardMiddleware.php(41): Illuminate\Pipeline\Pipeline->Illuminate\Pipeline\{closure}()
#14 /home/u841409365/domains/test-technoprint.online/public_html/erpv2/vendor/laravel/framework/src/Illuminate/Pipeline/Pipeline.php(208): App\Http\Middleware\CheckDashboardMiddleware->handle()
#15 /home/u841409365/domains/test-technoprint.online/public_html/erpv2/app/Http/Middleware/SubscriptionAccessUrl.php(28): Illuminate\Pipeline\Pipeline->Illuminate\Pipeline\{closure}()
#16 /home/u841409365/domains/test-technoprint.online/public_html/erpv2/vendor/laravel/framework/src/Illuminate/Pipeline/Pipeline.php(208): App\Http\Middleware\SubscriptionAccessUrl->handle()
#17 /home/u841409365/domains/test-technoprint.online/public_html/erpv2/app/Http/Middleware/XSS.php(30): Illuminate\Pipeline\Pipeline->Illuminate\Pipeline\{closure}()
#18 /home/u841409365/domains/test-technoprint.online/public_html/erpv2/vendor/laravel/framework/src/Illuminate/Pipeline/Pipeline.php(208): App\Http\Middleware\XSS->handle()
#19 /home/u841409365/domains/test-technoprint.online/public_html/erpv2/app/Http/Middleware/SubdomainMiddleware.php(64): Illuminate\Pipeline\Pipeline->Illuminate\Pipeline\{closure}()
#20 /home/u841409365/domains/test-technoprint.online/public_html/erpv2/vendor/laravel/framework/src/Illuminate/Pipeline/Pipeline.php(208): App\Http\Middleware\SubdomainMiddleware->handle()
#21 /home/u841409365/domains/test-technoprint.online/public_html/erpv2/app/Http/Middleware/TwoFactorMiddleware.php(53): Illuminate\Pipeline\Pipeline->Illuminate\Pipeline\{closure}()
#22 /home/u841409365/domains/test-technoprint.online/public_html/erpv2/vendor/laravel/framework/src/Illuminate/Pipeline/Pipeline.php(208): App\Http\Middleware\TwoFactorMiddleware->handle()
#23 /home/u841409365/domains/test-technoprint.online/public_html/erpv2/vendor/spondonit/service/src/Middleware/ServiceMiddleware.php(0): Illuminate\Pipeline\Pipeline->Illuminate\Pipeline\{closure}()
#24 /home/u841409365/domains/test-technoprint.online/public_html/erpv2/vendor/laravel/framework/src/Illuminate/Pipeline/Pipeline.php(208): SpondonIt\Service\Middleware\ServiceMiddleware->handle()
#25 /home/u841409365/domains/test-technoprint.online/public_html/erpv2/vendor/barryvdh/laravel-debugbar/src/Middleware/InjectDebugbar.php(59): Illuminate\Pipeline\Pipeline->Illuminate\Pipeline\{closure}()
#26 /home/u841409365/domains/test-technoprint.online/public_html/erpv2/vendor/laravel/framework/src/Illuminate/Pipeline/Pipeline.php(208): Barryvdh\Debugbar\Middleware\InjectDebugbar->handle()
#27 /home/u841409365/domains/test-technoprint.online/public_html/erpv2/app/Http/Middleware/CheckMaintenanceMode.php(25): Illuminate\Pipeline\Pipeline->Illuminate\Pipeline\{closure}()
#28 /home/u841409365/domains/test-technoprint.online/public_html/erpv2/vendor/laravel/framework/src/Illuminate/Pipeline/Pipeline.php(208): App\Http\Middleware\CheckMaintenanceMode->handle()
#29 /home/u841409365/domains/test-technoprint.online/public_html/erpv2/app/Http/Middleware/Localization.php(43): Illuminate\Pipeline\Pipeline->Illuminate\Pipeline\{closure}()
#30 /home/u841409365/domains/test-technoprint.online/public_html/erpv2/vendor/laravel/framework/src/Illuminate/Pipeline/Pipeline.php(208): App\Http\Middleware\Localization->handle()
#31 /home/u841409365/domains/test-technoprint.online/public_html/erpv2/app/Http/Middleware/HttpsProtocol.php(30): Illuminate\Pipeline\Pipeline->Illuminate\Pipeline\{closure}()
#32 /home/u841409365/domains/test-technoprint.online/public_html/erpv2/vendor/laravel/framework/src/Illuminate/Pipeline/Pipeline.php(208): App\Http\Middleware\HttpsProtocol->handle()
#33 /home/u841409365/domains/test-technoprint.online/public_html/erpv2/vendor/laravel/framework/src/Illuminate/Routing/Middleware/SubstituteBindings.php(50): Illuminate\Pipeline\Pipeline->Illuminate\Pipeline\{closure}()
#34 /home/u841409365/domains/test-technoprint.online/public_html/erpv2/vendor/laravel/framework/src/Illuminate/Pipeline/Pipeline.php(208): Illuminate\Routing\Middleware\SubstituteBindings->handle()
#35 /home/u841409365/domains/test-technoprint.online/public_html/erpv2/vendor/laravel/framework/src/Illuminate/Auth/Middleware/Authenticate.php(63): Illuminate\Pipeline\Pipeline->Illuminate\Pipeline\{closure}()
#36 /home/u841409365/domains/test-technoprint.online/public_html/erpv2/vendor/laravel/framework/src/Illuminate/Pipeline/Pipeline.php(208): Illuminate\Auth\Middleware\Authenticate->handle()
#37 /home/u841409365/domains/test-technoprint.online/public_html/erpv2/vendor/laravel/framework/src/Illuminate/Foundation/Http/Middleware/VerifyCsrfToken.php(87): Illuminate\Pipeline\Pipeline->Illuminate\Pipeline\{closure}()
#38 /home/u841409365/domains/test-technoprint.online/public_html/erpv2/vendor/laravel/framework/src/Illuminate/Pipeline/Pipeline.php(208): Illuminate\Foundation\Http\Middleware\VerifyCsrfToken->handle()
#39 /home/u841409365/domains/test-technoprint.online/public_html/erpv2/vendor/laravel/framework/src/Illuminate/View/Middleware/ShareErrorsFromSession.php(48): Illuminate\Pipeline\Pipeline->Illuminate\Pipeline\{closure}()
#40 /home/u841409365/domains/test-technoprint.online/public_html/erpv2/vendor/laravel/framework/src/Illuminate/Pipeline/Pipeline.php(208): Illuminate\View\Middleware\ShareErrorsFromSession->handle()
#41 /home/u841409365/domains/test-technoprint.online/public_html/erpv2/vendor/laravel/framework/src/Illuminate/Session/Middleware/StartSession.php(120): Illuminate\Pipeline\Pipeline->Illuminate\Pipeline\{closure}()
#42 /home/u841409365/domains/test-technoprint.online/public_html/erpv2/vendor/laravel/framework/src/Illuminate/Session/Middleware/StartSession.php(63): Illuminate\Session\Middleware\StartSession->handleStatefulRequest()
#43 /home/u841409365/domains/test-technoprint.online/public_html/erpv2/vendor/laravel/framework/src/Illuminate/Pipeline/Pipeline.php(208): Illuminate\Session\Middleware\StartSession->handle()
#44 /home/u841409365/domains/test-technoprint.online/public_html/erpv2/vendor/laravel/framework/src/Illuminate/Cookie/Middleware/AddQueuedCookiesToResponse.php(36): Illuminate\Pipeline\Pipeline->Illuminate\Pipeline\{closure}()
#45 /home/u841409365/domains/test-technoprint.online/public_html/erpv2/vendor/laravel/framework/src/Illuminate/Pipeline/Pipeline.php(208): Illuminate\Cookie\Middleware\AddQueuedCookiesToResponse->handle()
#46 /home/u841409365/domains/test-technoprint.online/public_html/erpv2/vendor/laravel/framework/src/Illuminate/Cookie/Middleware/EncryptCookies.php(74): Illuminate\Pipeline\Pipeline->Illuminate\Pipeline\{closure}()
#47 /home/u841409365/domains/test-technoprint.online/public_html/erpv2/vendor/laravel/framework/src/Illuminate/Pipeline/Pipeline.php(208): Illuminate\Cookie\Middleware\EncryptCookies->handle()
#48 /home/u841409365/domains/test-technoprint.online/public_html/erpv2/vendor/laravel/framework/src/Illuminate/Pipeline/Pipeline.php(126): Illuminate\Pipeline\Pipeline->Illuminate\Pipeline\{closure}()
#49 /home/u841409365/domains/test-technoprint.online/public_html/erpv2/vendor/laravel/framework/src/Illuminate/Routing/Router.php(807): Illuminate\Pipeline\Pipeline->then()
#50 /home/u841409365/domains/test-technoprint.online/public_html/erpv2/vendor/laravel/framework/src/Illuminate/Routing/Router.php(786): Illuminate\Routing\Router->runRouteWithinStack()
#51 /home/u841409365/domains/test-technoprint.online/public_html/erpv2/vendor/laravel/framework/src/Illuminate/Routing/Router.php(750): Illuminate\Routing\Router->runRoute()
#52 /home/u841409365/domains/test-technoprint.online/public_html/erpv2/vendor/laravel/framework/src/Illuminate/Routing/Router.php(739): Illuminate\Routing\Router->dispatchToRoute()
#53 /home/u841409365/domains/test-technoprint.online/public_html/erpv2/vendor/laravel/framework/src/Illuminate/Foundation/Http/Kernel.php(200): Illuminate\Routing\Router->dispatch()
#54 /home/u841409365/domains/test-technoprint.online/public_html/erpv2/vendor/laravel/framework/src/Illuminate/Pipeline/Pipeline.php(169): Illuminate\Foundation\Http\Kernel->Illuminate\Foundation\Http\{closure}()
#55 /home/u841409365/domains/test-technoprint.online/public_html/erpv2/vendor/spondonit/school-service/src/Middleware/SchoolService.php(65): Illuminate\Pipeline\Pipeline->Illuminate\Pipeline\{closure}()
#56 /home/u841409365/domains/test-technoprint.online/public_html/erpv2/vendor/laravel/framework/src/Illuminate/Pipeline/Pipeline.php(208): SpondonIt\SchoolService\Middleware\SchoolService->handle()
#57 /home/u841409365/domains/test-technoprint.online/public_html/erpv2/vendor/livewire/livewire/src/Features/SupportDisablingBackButtonCache/DisableBackButtonCacheMiddleware.php(19): Illuminate\Pipeline\Pipeline->Illuminate\Pipeline\{closure}()
#58 /home/u841409365/domains/test-technoprint.online/public_html/erpv2/vendor/laravel/framework/src/Illuminate/Pipeline/Pipeline.php(208): Livewire\Features\SupportDisablingBackButtonCache\DisableBackButtonCacheMiddleware->handle()
#59 /home/u841409365/domains/test-technoprint.online/public_html/erpv2/vendor/barryvdh/laravel-debugbar/src/Middleware/InjectDebugbar.php(59): Illuminate\Pipeline\Pipeline->Illuminate\Pipeline\{closure}()
#60 /home/u841409365/domains/test-technoprint.online/public_html/erpv2/vendor/laravel/framework/src/Illuminate/Pipeline/Pipeline.php(208): Barryvdh\Debugbar\Middleware\InjectDebugbar->handle()
#61 /home/u841409365/domains/test-technoprint.online/public_html/erpv2/vendor/laravel/framework/src/Illuminate/Http/Middleware/TrustProxies.php(58): Illuminate\Pipeline\Pipeline->Illuminate\Pipeline\{closure}()
#62 /home/u841409365/domains/test-technoprint.online/public_html/erpv2/vendor/laravel/framework/src/Illuminate/Pipeline/Pipeline.php(208): Illuminate\Http\Middleware\TrustProxies->handle()
#63 /home/u841409365/domains/test-technoprint.online/public_html/erpv2/vendor/laravel/framework/src/Illuminate/Foundation/Http/Middleware/TransformsRequest.php(21): Illuminate\Pipeline\Pipeline->Illuminate\Pipeline\{closure}()
#64 /home/u841409365/domains/test-technoprint.online/public_html/erpv2/vendor/laravel/framework/src/Illuminate/Foundation/Http/Middleware/ConvertEmptyStringsToNull.php(31): Illuminate\Foundation\Http\Middleware\TransformsRequest->handle()
#65 /home/u841409365/domains/test-technoprint.online/public_html/erpv2/vendor/laravel/framework/src/Illuminate/Pipeline/Pipeline.php(208): Illuminate\Foundation\Http\Middleware\ConvertEmptyStringsToNull->handle()
#66 /home/u841409365/domains/test-technoprint.online/public_html/erpv2/vendor/laravel/framework/src/Illuminate/Foundation/Http/Middleware/TransformsRequest.php(21): Illuminate\Pipeline\Pipeline->Illuminate\Pipeline\{closure}()
#67 /home/u841409365/domains/test-technoprint.online/public_html/erpv2/vendor/laravel/framework/src/Illuminate/Foundation/Http/Middleware/TrimStrings.php(51): Illuminate\Foundation\Http\Middleware\TransformsRequest->handle()
#68 /home/u841409365/domains/test-technoprint.online/public_html/erpv2/vendor/laravel/framework/src/Illuminate/Pipeline/Pipeline.php(208): Illuminate\Foundation\Http\Middleware\TrimStrings->handle()
#69 /home/u841409365/domains/test-technoprint.online/public_html/erpv2/vendor/laravel/framework/src/Illuminate/Http/Middleware/ValidatePostSize.php(27): Illuminate\Pipeline\Pipeline->Illuminate\Pipeline\{closure}()
#70 /home/u841409365/domains/test-technoprint.online/public_html/erpv2/vendor/laravel/framework/src/Illuminate/Pipeline/Pipeline.php(208): Illuminate\Http\Middleware\ValidatePostSize->handle()
#71 /home/u841409365/domains/test-technoprint.online/public_html/erpv2/vendor/laravel/framework/src/Illuminate/Foundation/Http/Middleware/PreventRequestsDuringMaintenance.php(109): Illuminate\Pipeline\Pipeline->Illuminate\Pipeline\{closure}()
#72 /home/u841409365/domains/test-technoprint.online/public_html/erpv2/vendor/laravel/framework/src/Illuminate/Pipeline/Pipeline.php(208): Illuminate\Foundation\Http\Middleware\PreventRequestsDuringMaintenance->handle()
#73 /home/u841409365/domains/test-technoprint.online/public_html/erpv2/vendor/laravel/framework/src/Illuminate/Pipeline/Pipeline.php(126): Illuminate\Pipeline\Pipeline->Illuminate\Pipeline\{closure}()
#74 /home/u841409365/domains/test-technoprint.online/public_html/erpv2/vendor/laravel/framework/src/Illuminate/Foundation/Http/Kernel.php(175): Illuminate\Pipeline\Pipeline->then()
#75 /home/u841409365/domains/test-technoprint.online/public_html/erpv2/vendor/laravel/framework/src/Illuminate/Foundation/Http/Kernel.php(144): Illuminate\Foundation\Http\Kernel->sendRequestThroughRouter()
#76 /home/u841409365/domains/test-technoprint.online/public_html/erpv2/index.php(56): Illuminate\Foundation\Http\Kernel->handle()
#77 {main}  
[2026-04-02 15:54:31] Production.INFO: Activation code not found from init  
[2026-04-02 15:54:38] Production.INFO: Activation code not found from init  
[2026-04-02 15:54:40] Production.INFO: Activation code not found from init  
[2026-04-02 15:54:42] Production.INFO: Activation code not found from init  
[2026-04-02 15:54:46] Production.INFO: Activation code not found from init  
[2026-04-02 15:54:48] Production.INFO: Activation code not found from init  
[2026-04-02 15:54:56] Production.INFO: Activation code not found from init  
[2026-04-02 15:55:10] Production.INFO: Activation code not found from init  
[2026-04-02 15:55:17] Production.INFO: Activation code not found from init  
[2026-04-02 15:55:30] Production.INFO: Activation code not found from init  
[2026-04-02 15:55:40] Production.INFO: Activation code not found from init  
[2026-04-02 15:55:49] Production.INFO: Activation code not found from init  
[2026-04-02 15:56:00] Production.INFO: Activation code not found from init  
[2026-04-02 15:56:10] Production.INFO: Activation code not found from init  
[2026-04-02 15:56:20] Production.INFO: Activation code not found from init  
[2026-04-02 15:56:29] Production.INFO: Activation code not found from init  
[2026-04-02 15:56:40] Production.INFO: Activation code not found from init  
[2026-04-02 15:56:51] Production.INFO: Activation code not found from init  
[2026-04-02 15:57:18] Production.INFO: Activation code not found from init  
[2026-04-02 15:57:31] Production.INFO: Activation code not found from init  
[2026-04-02 15:58:06] Production.INFO: Activation code not found from init  
[2026-04-02 15:58:34] Production.INFO: Activation code not found from init  
[2026-04-02 15:59:47] Production.INFO: Activation code not found from init  
[2026-04-02 16:00:44] Production.INFO: Activation code not found from init  
[2026-04-02 16:03:07] Production.INFO: Activation code not found from init  
[2026-04-02 16:03:31] Production.INFO: Activation code not found from init  
[2026-04-02 16:03:46] Production.INFO: Activation code not found from init  
[2026-04-02 16:03:56] Production.INFO: Activation code not found from init  
[2026-04-02 16:04:08] Production.INFO: Activation code not found from init  
[2026-04-02 16:04:16] Production.INFO: Activation code not found from init  
[2026-04-02 16:04:26] Production.INFO: Activation code not found from init  
[2026-04-02 16:04:36] Production.INFO: Activation code not found from init  
[2026-04-02 16:04:46] Production.INFO: Activation code not found from init  
[2026-04-02 16:04:56] Production.INFO: Activation code not found from init  
[2026-04-02 16:05:06] Production.INFO: Activation code not found from init  
[2026-04-02 16:05:16] Production.INFO: Activation code not found from init  
[2026-04-02 16:05:26] Production.INFO: Activation code not found from init  
[2026-04-02 16:05:37] Production.INFO: Activation code not found from init  
[2026-04-02 16:05:46] Production.INFO: Activation code not found from init  
[2026-04-02 16:05:56] Production.INFO: Activation code not found from init  
[2026-04-02 16:06:07] Production.INFO: Activation code not found from init  
[2026-04-02 16:06:17] Production.INFO: Activation code not found from init  
[2026-04-02 16:06:26] Production.INFO: Activation code not found from init  
[2026-04-02 16:06:36] Production.INFO: Activation code not found from init  
[2026-04-02 16:06:46] Production.INFO: Activation code not found from init  
[2026-04-02 16:06:56] Production.INFO: Activation code not found from init  
[2026-04-02 16:07:06] Production.INFO: Activation code not found from init  
[2026-04-02 16:07:17] Production.INFO: Activation code not found from init  
[2026-04-02 16:07:27] Production.INFO: Activation code not found from init  
[2026-04-02 16:07:38] Production.INFO: Activation code not found from init  
[2026-04-02 16:07:47] Production.INFO: Activation code not found from init  
[2026-04-02 16:07:57] Production.INFO: Activation code not found from init  
[2026-04-02 16:08:06] Production.INFO: Activation code not found from init  
[2026-04-02 16:08:48] Production.INFO: Activation code not found from init  
[2026-04-02 16:08:59] Production.INFO: Activation code not found from init  
[2026-04-02 16:09:11] Production.INFO: Activation code not found from init  
[2026-04-02 16:09:19] Production.INFO: Activation code not found from init  
[2026-04-02 16:09:28] Production.INFO: Activation code not found from init  
[2026-04-02 16:09:38] Production.INFO: Activation code not found from init  
[2026-04-02 16:09:48] Production.INFO: Activation code not found from init  
[2026-04-02 16:09:58] Production.INFO: Activation code not found from init  
[2026-04-02 16:10:09] Production.INFO: Activation code not found from init  
[2026-04-02 16:10:19] Production.INFO: Activation code not found from init  
[2026-04-02 16:10:29] Production.INFO: Activation code not found from init  
[2026-04-02 16:10:39] Production.INFO: Activation code not found from init  
[2026-04-02 16:10:48] Production.INFO: Activation code not found from init  
[2026-04-02 16:10:59] Production.INFO: Activation code not found from init  
[2026-04-02 16:11:09] Production.INFO: Activation code not found from init  
[2026-04-02 16:11:18] Production.INFO: Activation code not found from init  
[2026-04-02 16:11:28] Production.INFO: Activation code not found from init  
[2026-04-02 16:11:40] Production.INFO: Activation code not found from init  
[2026-04-02 16:11:55] Production.INFO: Activation code not found from init  
[2026-04-02 16:12:13] Production.INFO: Activation code not found from init  
[2026-04-02 16:12:32] Production.INFO: Activation code not found from init  
[2026-04-02 16:13:51] Production.INFO: Activation code not found from init  
[2026-04-02 16:16:04] Production.INFO: Activation code not found from init  
[2026-04-02 16:17:15] Production.INFO: Activation code not found from init  
[2026-04-02 16:19:49] Production.INFO: Activation code not found from init  
[2026-04-02 16:19:58] Production.INFO: Activation code not found from init  
[2026-04-02 16:20:01] Production.INFO: Activation code not found from init  
[2026-04-02 16:20:02] Production.INFO: Activation code not found from init  
[2026-04-02 16:20:14] Production.INFO: Activation code not found from init  
[2026-04-02 16:20:24] Production.INFO: Activation code not found from init  
[2026-04-02 16:20:34] Production.INFO: Activation code not found from init  
[2026-04-02 16:20:43] Production.INFO: Activation code not found from init  
[2026-04-02 16:20:48] Production.INFO: Activation code not found from init  
[2026-04-02 16:20:58] Production.INFO: Activation code not found from init  
[2026-04-02 16:21:08] Production.INFO: Activation code not found from init  
[2026-04-02 16:21:18] Production.INFO: Activation code not found from init  
[2026-04-02 16:21:28] Production.INFO: Activation code not found from init  
[2026-04-02 16:21:38] Production.INFO: Activation code not found from init  
[2026-04-02 16:21:48] Production.INFO: Activation code not found from init  
[2026-04-02 16:21:58] Production.INFO: Activation code not found from init  
[2026-04-02 16:22:08] Production.INFO: Activation code not found from init  
[2026-04-02 16:22:18] Production.INFO: Activation code not found from init  
[2026-04-02 16:22:28] Production.INFO: Activation code not found from init  
[2026-04-02 16:22:38] Production.INFO: Activation code not found from init  
[2026-04-02 16:22:49] Production.INFO: Activation code not found from init  
[2026-04-02 16:22:58] Production.INFO: Activation code not found from init  
[2026-04-02 16:23:09] Production.INFO: Activation code not found from init  
[2026-04-02 16:23:18] Production.INFO: Activation code not found from init  
[2026-04-02 16:23:28] Production.INFO: Activation code not found from init  
[2026-04-02 16:23:38] Production.INFO: Activation code not found from init  
[2026-04-02 16:23:48] Production.INFO: Activation code not found from init  
[2026-04-02 16:23:58] Production.INFO: Activation code not found from init  
[2026-04-02 16:24:08] Production.INFO: Activation code not found from init  
[2026-04-02 16:24:18] Production.INFO: Activation code not found from init  
[2026-04-02 16:24:28] Production.INFO: Activation code not found from init  
[2026-04-02 16:24:38] Production.INFO: Activation code not found from init  
[2026-04-02 16:24:48] Production.INFO: Activation code not found from init  
[2026-04-02 16:24:58] Production.INFO: Activation code not found from init  
[2026-04-02 16:25:08] Production.INFO: Activation code not found from init  
[2026-04-02 16:25:19] Production.INFO: Activation code not found from init  
[2026-04-02 16:25:23] Production.INFO: Activation code not found from init  
[2026-04-02 16:25:36] Production.INFO: Activation code not found from init  
[2026-04-02 16:25:46] Production.INFO: Activation code not found from init  
[2026-04-02 16:25:56] Production.INFO: Activation code not found from init  
[2026-04-02 16:26:06] Production.INFO: Activation code not found from init  
[2026-04-02 16:26:16] Production.INFO: Activation code not found from init  
[2026-04-02 16:26:27] Production.INFO: Activation code not found from init  
[2026-04-02 16:26:38] Production.INFO: Activation code not found from init  
[2026-04-02 16:27:11] Production.INFO: Activation code not found from init  
[2026-04-02 16:27:29] Production.INFO: Activation code not found from init  
[2026-04-02 16:27:49] Production.INFO: Activation code not found from init  
[2026-04-02 16:27:59] Production.INFO: Activation code not found from init  
[2026-04-02 16:28:10] Production.INFO: Activation code not found from init  
[2026-04-02 16:28:22] Production.INFO: Activation code not found from init  
[2026-04-02 16:28:39] Production.INFO: Activation code not found from init  
[2026-04-02 16:28:54] Production.INFO: Activation code not found from init  
[2026-04-02 16:29:30] Production.INFO: Activation code not found from init  
[2026-04-02 16:30:13] Production.INFO: Activation code not found from init  
[2026-04-02 16:32:00] Production.INFO: Activation code not found from init  
[2026-04-02 16:34:23] Production.INFO: Activation code not found from init  
[2026-04-02 16:36:33] Production.INFO: Activation code not found from init  
[2026-04-02 17:20:54] Production.INFO: Activation code not found from init  
[2026-04-02 17:24:27] Production.INFO: Activation code not found from init  
[2026-04-02 17:28:11] Production.INFO: Activation code not found from init  
[2026-04-02 17:29:49] Production.INFO: Activation code not found from init  
[2026-04-02 17:33:49] Production.INFO: Activation code not found from init  
[2026-04-02 17:38:09] Production.INFO: Activation code not found from init  
[2026-04-02 17:47:32] Production.INFO: Activation code not found from init  
[2026-04-02 17:48:29] Production.INFO: Activation code not found from init  
[2026-04-02 17:52:51] Production.INFO: Activation code not found from init  
[2026-04-02 17:57:15] Production.INFO: Activation code not found from init  
[2026-04-02 18:01:32] Production.INFO: Activation code not found from init  
[2026-04-02 18:06:12] Production.INFO: Activation code not found from init  
[2026-04-02 18:10:13] Production.INFO: Activation code not found from init  
[2026-04-02 18:15:13] Production.INFO: Activation code not found from init  
[2026-04-02 18:20:18] Production.INFO: Activation code not found from init  
[2026-04-02 18:25:13] Production.INFO: Activation code not found from init  
