[2026-04-08 20:15:42] local.INFO: ErrorException: Attempt to read property "name" on null in /Users/eash/Downloads/erpv2/Modules/Jitsi/Database/Migrations/2021_03_29_070403_create_jitsi_settings_table.php:61
Stack trace:
#0 /Users/eash/Downloads/erpv2/vendor/laravel/framework/src/Illuminate/Foundation/Bootstrap/HandleExceptions.php(256): Illuminate\Foundation\Bootstrap\HandleExceptions->handleError(2, 'Attempt to read...', '/Users/eash/Dow...', 61)
#1 /Users/eash/Downloads/erpv2/Modules/Jitsi/Database/Migrations/2021_03_29_070403_create_jitsi_settings_table.php(61): Illuminate\Foundation\Bootstrap\HandleExceptions->Illuminate\Foundation\Bootstrap\{closure}(2, 'Attempt to read...', '/Users/eash/Dow...', 61)
#2 /Users/eash/Downloads/erpv2/vendor/laravel/framework/src/Illuminate/Database/Migrations/Migrator.php(514): CreateJitsiSettingsTable->up()
#3 /Users/eash/Downloads/erpv2/vendor/laravel/framework/src/Illuminate/Database/Migrations/Migrator.php(439): Illuminate\Database\Migrations\Migrator->runMethod(Object(Illuminate\Database\MySqlConnection), Object(CreateJitsiSettingsTable), 'up')
#4 /Users/eash/Downloads/erpv2/vendor/laravel/framework/src/Illuminate/Database/Migrations/Migrator.php(448): Illuminate\Database\Migrations\Migrator->Illuminate\Database\Migrations\{closure}()
#5 /Users/eash/Downloads/erpv2/vendor/laravel/framework/src/Illuminate/Database/Migrations/Migrator.php(250): Illuminate\Database\Migrations\Migrator->runMigration(Object(CreateJitsiSettingsTable), 'up')
#6 /Users/eash/Downloads/erpv2/vendor/laravel/framework/src/Illuminate/Console/View/Components/Task.php(41): Illuminate\Database\Migrations\Migrator->Illuminate\Database\Migrations\{closure}()
#7 /Users/eash/Downloads/erpv2/vendor/laravel/framework/src/Illuminate/Database/Migrations/Migrator.php(805): Illuminate\Console\View\Components\Task->render('2021_03_29_0704...', Object(Closure))
#8 /Users/eash/Downloads/erpv2/vendor/laravel/framework/src/Illuminate/Database/Migrations/Migrator.php(250): Illuminate\Database\Migrations\Migrator->write('Illuminate\\Cons...', '2021_03_29_0704...', Object(Closure))
#9 /Users/eash/Downloads/erpv2/vendor/laravel/framework/src/Illuminate/Database/Migrations/Migrator.php(210): Illuminate\Database\Migrations\Migrator->runUp('/Users/eash/Dow...', 4, false)
#10 /Users/eash/Downloads/erpv2/vendor/laravel/framework/src/Illuminate/Database/Migrations/Migrator.php(137): Illuminate\Database\Migrations\Migrator->runPending(Array, Array)
#11 /Users/eash/Downloads/erpv2/vendor/laravel/framework/src/Illuminate/Database/Console/Migrations/MigrateCommand.php(116): Illuminate\Database\Migrations\Migrator->run(Array, Array)
#12 /Users/eash/Downloads/erpv2/vendor/laravel/framework/src/Illuminate/Database/Migrations/Migrator.php(665): Illuminate\Database\Console\Migrations\MigrateCommand->Illuminate\Database\Console\Migrations\{closure}()
#13 /Users/eash/Downloads/erpv2/vendor/laravel/framework/src/Illuminate/Database/Console/Migrations/MigrateCommand.php(109): Illuminate\Database\Migrations\Migrator->usingConnection(NULL, Object(Closure))
#14 /Users/eash/Downloads/erpv2/vendor/laravel/framework/src/Illuminate/Database/Console/Migrations/MigrateCommand.php(88): Illuminate\Database\Console\Migrations\MigrateCommand->runMigrations()
#15 /Users/eash/Downloads/erpv2/vendor/laravel/framework/src/Illuminate/Container/BoundMethod.php(36): Illuminate\Database\Console\Migrations\MigrateCommand->handle()
#16 /Users/eash/Downloads/erpv2/vendor/laravel/framework/src/Illuminate/Container/Util.php(43): Illuminate\Container\BoundMethod::Illuminate\Container\{closure}()
#17 /Users/eash/Downloads/erpv2/vendor/laravel/framework/src/Illuminate/Container/BoundMethod.php(96): Illuminate\Container\Util::unwrapIfClosure(Object(Closure))
#18 /Users/eash/Downloads/erpv2/vendor/laravel/framework/src/Illuminate/Container/BoundMethod.php(35): Illuminate\Container\BoundMethod::callBoundMethod(Object(Illuminate\Foundation\Application), Array, Object(Closure))
#19 /Users/eash/Downloads/erpv2/vendor/laravel/framework/src/Illuminate/Container/Container.php(754): Illuminate\Container\BoundMethod::call(Object(Illuminate\Foundation\Application), Array, Array, NULL)
#20 /Users/eash/Downloads/erpv2/vendor/laravel/framework/src/Illuminate/Console/Command.php(211): Illuminate\Container\Container->call(Array)
#21 /Users/eash/Downloads/erpv2/vendor/symfony/console/Command/Command.php(279): Illuminate\Console\Command->execute(Object(Symfony\Component\Console\Input\ArgvInput), Object(Illuminate\Console\OutputStyle))
#22 /Users/eash/Downloads/erpv2/vendor/laravel/framework/src/Illuminate/Console/Command.php(180): Symfony\Component\Console\Command\Command->run(Object(Symfony\Component\Console\Input\ArgvInput), Object(Illuminate\Console\OutputStyle))
#23 /Users/eash/Downloads/erpv2/vendor/symfony/console/Application.php(1094): Illuminate\Console\Command->run(Object(Symfony\Component\Console\Input\ArgvInput), Object(Symfony\Component\Console\Output\ConsoleOutput))
#24 /Users/eash/Downloads/erpv2/vendor/symfony/console/Application.php(342): Symfony\Component\Console\Application->doRunCommand(Object(Illuminate\Database\Console\Migrations\MigrateCommand), Object(Symfony\Component\Console\Input\ArgvInput), Object(Symfony\Component\Console\Output\ConsoleOutput))
#25 /Users/eash/Downloads/erpv2/vendor/symfony/console/Application.php(193): Symfony\Component\Console\Application->doRun(Object(Symfony\Component\Console\Input\ArgvInput), Object(Symfony\Component\Console\Output\ConsoleOutput))
#26 /Users/eash/Downloads/erpv2/vendor/laravel/framework/src/Illuminate/Foundation/Console/Kernel.php(197): Symfony\Component\Console\Application->run(Object(Symfony\Component\Console\Input\ArgvInput), Object(Symfony\Component\Console\Output\ConsoleOutput))
#27 /Users/eash/Downloads/erpv2/artisan(35): Illuminate\Foundation\Console\Kernel->handle(Object(Symfony\Component\Console\Input\ArgvInput), Object(Symfony\Component\Console\Output\ConsoleOutput))
#28 {main}  
[2026-04-08 20:15:42] local.ERROR: SQLSTATE[42S01]: Base table or view already exists: 1050 Table 'agents' already exists (Connection: mysql, SQL: create table `agents` (`id` bigint unsigned not null auto_increment primary key, `name` varchar(191) not null, `designation` varchar(191) not null, `avatar` varchar(191) null, `number` varchar(191) not null, `status` tinyint(1) not null default '1', `always_available` tinyint(1) not null default '0', `created_at` timestamp null, `updated_at` timestamp null, `school_id` int unsigned null default '1') default character set utf8mb4 collate 'utf8mb4_unicode_ci') {"exception":"[object] (Illuminate\\Database\\QueryException(code: 42S01): SQLSTATE[42S01]: Base table or view already exists: 1050 Table 'agents' already exists (Connection: mysql, SQL: create table `agents` (`id` bigint unsigned not null auto_increment primary key, `name` varchar(191) not null, `designation` varchar(191) not null, `avatar` varchar(191) null, `number` varchar(191) not null, `status` tinyint(1) not null default '1', `always_available` tinyint(1) not null default '0', `created_at` timestamp null, `updated_at` timestamp null, `school_id` int unsigned null default '1') default character set utf8mb4 collate 'utf8mb4_unicode_ci') at /Users/eash/Downloads/erpv2/vendor/laravel/framework/src/Illuminate/Database/Connection.php:822)
[stacktrace]
#0 /Users/eash/Downloads/erpv2/vendor/laravel/framework/src/Illuminate/Database/Connection.php(776): Illuminate\\Database\\Connection->runQueryCallback('create table `a...', Array, Object(Closure))
#1 /Users/eash/Downloads/erpv2/vendor/laravel/framework/src/Illuminate/Database/Connection.php(557): Illuminate\\Database\\Connection->run('create table `a...', Array, Object(Closure))
#2 /Users/eash/Downloads/erpv2/vendor/laravel/framework/src/Illuminate/Database/Schema/Blueprint.php(119): Illuminate\\Database\\Connection->statement('create table `a...')
#3 /Users/eash/Downloads/erpv2/vendor/laravel/framework/src/Illuminate/Database/Schema/Builder.php(621): Illuminate\\Database\\Schema\\Blueprint->build()
#4 /Users/eash/Downloads/erpv2/vendor/laravel/framework/src/Illuminate/Database/Schema/Builder.php(475): Illuminate\\Database\\Schema\\Builder->build(Object(Illuminate\\Database\\Schema\\Blueprint))
#5 /Users/eash/Downloads/erpv2/vendor/laravel/framework/src/Illuminate/Support/Facades/Facade.php(361): Illuminate\\Database\\Schema\\Builder->create('agents', Object(Closure))
#6 /Users/eash/Downloads/erpv2/Modules/WhatsappSupport/Database/Migrations/2023_10_23_092339_create_agents_table.php(16): Illuminate\\Support\\Facades\\Facade::__callStatic('create', Array)
#7 /Users/eash/Downloads/erpv2/vendor/laravel/framework/src/Illuminate/Database/Migrations/Migrator.php(514): CreateAgentsTable->up()
#8 /Users/eash/Downloads/erpv2/vendor/laravel/framework/src/Illuminate/Database/Migrations/Migrator.php(439): Illuminate\\Database\\Migrations\\Migrator->runMethod(Object(Illuminate\\Database\\MySqlConnection), Object(CreateAgentsTable), 'up')
#9 /Users/eash/Downloads/erpv2/vendor/laravel/framework/src/Illuminate/Database/Migrations/Migrator.php(448): Illuminate\\Database\\Migrations\\Migrator->Illuminate\\Database\\Migrations\\{closure}()
#10 /Users/eash/Downloads/erpv2/vendor/laravel/framework/src/Illuminate/Database/Migrations/Migrator.php(250): Illuminate\\Database\\Migrations\\Migrator->runMigration(Object(CreateAgentsTable), 'up')
#11 /Users/eash/Downloads/erpv2/vendor/laravel/framework/src/Illuminate/Console/View/Components/Task.php(41): Illuminate\\Database\\Migrations\\Migrator->Illuminate\\Database\\Migrations\\{closure}()
#12 /Users/eash/Downloads/erpv2/vendor/laravel/framework/src/Illuminate/Database/Migrations/Migrator.php(805): Illuminate\\Console\\View\\Components\\Task->render('2023_10_23_0923...', Object(Closure))
#13 /Users/eash/Downloads/erpv2/vendor/laravel/framework/src/Illuminate/Database/Migrations/Migrator.php(250): Illuminate\\Database\\Migrations\\Migrator->write('Illuminate\\\\Cons...', '2023_10_23_0923...', Object(Closure))
#14 /Users/eash/Downloads/erpv2/vendor/laravel/framework/src/Illuminate/Database/Migrations/Migrator.php(210): Illuminate\\Database\\Migrations\\Migrator->runUp('/Users/eash/Dow...', 4, false)
#15 /Users/eash/Downloads/erpv2/vendor/laravel/framework/src/Illuminate/Database/Migrations/Migrator.php(137): Illuminate\\Database\\Migrations\\Migrator->runPending(Array, Array)
#16 /Users/eash/Downloads/erpv2/vendor/laravel/framework/src/Illuminate/Database/Console/Migrations/MigrateCommand.php(116): Illuminate\\Database\\Migrations\\Migrator->run(Array, Array)
#17 /Users/eash/Downloads/erpv2/vendor/laravel/framework/src/Illuminate/Database/Migrations/Migrator.php(665): Illuminate\\Database\\Console\\Migrations\\MigrateCommand->Illuminate\\Database\\Console\\Migrations\\{closure}()
#18 /Users/eash/Downloads/erpv2/vendor/laravel/framework/src/Illuminate/Database/Console/Migrations/MigrateCommand.php(109): Illuminate\\Database\\Migrations\\Migrator->usingConnection(NULL, Object(Closure))
#19 /Users/eash/Downloads/erpv2/vendor/laravel/framework/src/Illuminate/Database/Console/Migrations/MigrateCommand.php(88): Illuminate\\Database\\Console\\Migrations\\MigrateCommand->runMigrations()
#20 /Users/eash/Downloads/erpv2/vendor/laravel/framework/src/Illuminate/Container/BoundMethod.php(36): Illuminate\\Database\\Console\\Migrations\\MigrateCommand->handle()
#21 /Users/eash/Downloads/erpv2/vendor/laravel/framework/src/Illuminate/Container/Util.php(43): Illuminate\\Container\\BoundMethod::Illuminate\\Container\\{closure}()
#22 /Users/eash/Downloads/erpv2/vendor/laravel/framework/src/Illuminate/Container/BoundMethod.php(96): Illuminate\\Container\\Util::unwrapIfClosure(Object(Closure))
#23 /Users/eash/Downloads/erpv2/vendor/laravel/framework/src/Illuminate/Container/BoundMethod.php(35): Illuminate\\Container\\BoundMethod::callBoundMethod(Object(Illuminate\\Foundation\\Application), Array, Object(Closure))
#24 /Users/eash/Downloads/erpv2/vendor/laravel/framework/src/Illuminate/Container/Container.php(754): Illuminate\\Container\\BoundMethod::call(Object(Illuminate\\Foundation\\Application), Array, Array, NULL)
#25 /Users/eash/Downloads/erpv2/vendor/laravel/framework/src/Illuminate/Console/Command.php(211): Illuminate\\Container\\Container->call(Array)
#26 /Users/eash/Downloads/erpv2/vendor/symfony/console/Command/Command.php(279): Illuminate\\Console\\Command->execute(Object(Symfony\\Component\\Console\\Input\\ArgvInput), Object(Illuminate\\Console\\OutputStyle))
#27 /Users/eash/Downloads/erpv2/vendor/laravel/framework/src/Illuminate/Console/Command.php(180): Symfony\\Component\\Console\\Command\\Command->run(Object(Symfony\\Component\\Console\\Input\\ArgvInput), Object(Illuminate\\Console\\OutputStyle))
#28 /Users/eash/Downloads/erpv2/vendor/symfony/console/Application.php(1094): Illuminate\\Console\\Command->run(Object(Symfony\\Component\\Console\\Input\\ArgvInput), Object(Symfony\\Component\\Console\\Output\\ConsoleOutput))
#29 /Users/eash/Downloads/erpv2/vendor/symfony/console/Application.php(342): Symfony\\Component\\Console\\Application->doRunCommand(Object(Illuminate\\Database\\Console\\Migrations\\MigrateCommand), Object(Symfony\\Component\\Console\\Input\\ArgvInput), Object(Symfony\\Component\\Console\\Output\\ConsoleOutput))
#30 /Users/eash/Downloads/erpv2/vendor/symfony/console/Application.php(193): Symfony\\Component\\Console\\Application->doRun(Object(Symfony\\Component\\Console\\Input\\ArgvInput), Object(Symfony\\Component\\Console\\Output\\ConsoleOutput))
#31 /Users/eash/Downloads/erpv2/vendor/laravel/framework/src/Illuminate/Foundation/Console/Kernel.php(197): Symfony\\Component\\Console\\Application->run(Object(Symfony\\Component\\Console\\Input\\ArgvInput), Object(Symfony\\Component\\Console\\Output\\ConsoleOutput))
#32 /Users/eash/Downloads/erpv2/artisan(35): Illuminate\\Foundation\\Console\\Kernel->handle(Object(Symfony\\Component\\Console\\Input\\ArgvInput), Object(Symfony\\Component\\Console\\Output\\ConsoleOutput))
#33 {main}

[previous exception] [object] (PDOException(code: 42S01): SQLSTATE[42S01]: Base table or view already exists: 1050 Table 'agents' already exists at /Users/eash/Downloads/erpv2/vendor/laravel/framework/src/Illuminate/Database/Connection.php:568)
[stacktrace]
#0 /Users/eash/Downloads/erpv2/vendor/laravel/framework/src/Illuminate/Database/Connection.php(568): PDOStatement->execute()
#1 /Users/eash/Downloads/erpv2/vendor/laravel/framework/src/Illuminate/Database/Connection.php(809): Illuminate\\Database\\Connection->Illuminate\\Database\\{closure}('create table `a...', Array)
#2 /Users/eash/Downloads/erpv2/vendor/laravel/framework/src/Illuminate/Database/Connection.php(776): Illuminate\\Database\\Connection->runQueryCallback('create table `a...', Array, Object(Closure))
#3 /Users/eash/Downloads/erpv2/vendor/laravel/framework/src/Illuminate/Database/Connection.php(557): Illuminate\\Database\\Connection->run('create table `a...', Array, Object(Closure))
#4 /Users/eash/Downloads/erpv2/vendor/laravel/framework/src/Illuminate/Database/Schema/Blueprint.php(119): Illuminate\\Database\\Connection->statement('create table `a...')
#5 /Users/eash/Downloads/erpv2/vendor/laravel/framework/src/Illuminate/Database/Schema/Builder.php(621): Illuminate\\Database\\Schema\\Blueprint->build()
#6 /Users/eash/Downloads/erpv2/vendor/laravel/framework/src/Illuminate/Database/Schema/Builder.php(475): Illuminate\\Database\\Schema\\Builder->build(Object(Illuminate\\Database\\Schema\\Blueprint))
#7 /Users/eash/Downloads/erpv2/vendor/laravel/framework/src/Illuminate/Support/Facades/Facade.php(361): Illuminate\\Database\\Schema\\Builder->create('agents', Object(Closure))
#8 /Users/eash/Downloads/erpv2/Modules/WhatsappSupport/Database/Migrations/2023_10_23_092339_create_agents_table.php(16): Illuminate\\Support\\Facades\\Facade::__callStatic('create', Array)
#9 /Users/eash/Downloads/erpv2/vendor/laravel/framework/src/Illuminate/Database/Migrations/Migrator.php(514): CreateAgentsTable->up()
#10 /Users/eash/Downloads/erpv2/vendor/laravel/framework/src/Illuminate/Database/Migrations/Migrator.php(439): Illuminate\\Database\\Migrations\\Migrator->runMethod(Object(Illuminate\\Database\\MySqlConnection), Object(CreateAgentsTable), 'up')
#11 /Users/eash/Downloads/erpv2/vendor/laravel/framework/src/Illuminate/Database/Migrations/Migrator.php(448): Illuminate\\Database\\Migrations\\Migrator->Illuminate\\Database\\Migrations\\{closure}()
#12 /Users/eash/Downloads/erpv2/vendor/laravel/framework/src/Illuminate/Database/Migrations/Migrator.php(250): Illuminate\\Database\\Migrations\\Migrator->runMigration(Object(CreateAgentsTable), 'up')
#13 /Users/eash/Downloads/erpv2/vendor/laravel/framework/src/Illuminate/Console/View/Components/Task.php(41): Illuminate\\Database\\Migrations\\Migrator->Illuminate\\Database\\Migrations\\{closure}()
#14 /Users/eash/Downloads/erpv2/vendor/laravel/framework/src/Illuminate/Database/Migrations/Migrator.php(805): Illuminate\\Console\\View\\Components\\Task->render('2023_10_23_0923...', Object(Closure))
#15 /Users/eash/Downloads/erpv2/vendor/laravel/framework/src/Illuminate/Database/Migrations/Migrator.php(250): Illuminate\\Database\\Migrations\\Migrator->write('Illuminate\\\\Cons...', '2023_10_23_0923...', Object(Closure))
#16 /Users/eash/Downloads/erpv2/vendor/laravel/framework/src/Illuminate/Database/Migrations/Migrator.php(210): Illuminate\\Database\\Migrations\\Migrator->runUp('/Users/eash/Dow...', 4, false)
#17 /Users/eash/Downloads/erpv2/vendor/laravel/framework/src/Illuminate/Database/Migrations/Migrator.php(137): Illuminate\\Database\\Migrations\\Migrator->runPending(Array, Array)
#18 /Users/eash/Downloads/erpv2/vendor/laravel/framework/src/Illuminate/Database/Console/Migrations/MigrateCommand.php(116): Illuminate\\Database\\Migrations\\Migrator->run(Array, Array)
#19 /Users/eash/Downloads/erpv2/vendor/laravel/framework/src/Illuminate/Database/Migrations/Migrator.php(665): Illuminate\\Database\\Console\\Migrations\\MigrateCommand->Illuminate\\Database\\Console\\Migrations\\{closure}()
#20 /Users/eash/Downloads/erpv2/vendor/laravel/framework/src/Illuminate/Database/Console/Migrations/MigrateCommand.php(109): Illuminate\\Database\\Migrations\\Migrator->usingConnection(NULL, Object(Closure))
#21 /Users/eash/Downloads/erpv2/vendor/laravel/framework/src/Illuminate/Database/Console/Migrations/MigrateCommand.php(88): Illuminate\\Database\\Console\\Migrations\\MigrateCommand->runMigrations()
#22 /Users/eash/Downloads/erpv2/vendor/laravel/framework/src/Illuminate/Container/BoundMethod.php(36): Illuminate\\Database\\Console\\Migrations\\MigrateCommand->handle()
#23 /Users/eash/Downloads/erpv2/vendor/laravel/framework/src/Illuminate/Container/Util.php(43): Illuminate\\Container\\BoundMethod::Illuminate\\Container\\{closure}()
#24 /Users/eash/Downloads/erpv2/vendor/laravel/framework/src/Illuminate/Container/BoundMethod.php(96): Illuminate\\Container\\Util::unwrapIfClosure(Object(Closure))
#25 /Users/eash/Downloads/erpv2/vendor/laravel/framework/src/Illuminate/Container/BoundMethod.php(35): Illuminate\\Container\\BoundMethod::callBoundMethod(Object(Illuminate\\Foundation\\Application), Array, Object(Closure))
#26 /Users/eash/Downloads/erpv2/vendor/laravel/framework/src/Illuminate/Container/Container.php(754): Illuminate\\Container\\BoundMethod::call(Object(Illuminate\\Foundation\\Application), Array, Array, NULL)
#27 /Users/eash/Downloads/erpv2/vendor/laravel/framework/src/Illuminate/Console/Command.php(211): Illuminate\\Container\\Container->call(Array)
#28 /Users/eash/Downloads/erpv2/vendor/symfony/console/Command/Command.php(279): Illuminate\\Console\\Command->execute(Object(Symfony\\Component\\Console\\Input\\ArgvInput), Object(Illuminate\\Console\\OutputStyle))
#29 /Users/eash/Downloads/erpv2/vendor/laravel/framework/src/Illuminate/Console/Command.php(180): Symfony\\Component\\Console\\Command\\Command->run(Object(Symfony\\Component\\Console\\Input\\ArgvInput), Object(Illuminate\\Console\\OutputStyle))
#30 /Users/eash/Downloads/erpv2/vendor/symfony/console/Application.php(1094): Illuminate\\Console\\Command->run(Object(Symfony\\Component\\Console\\Input\\ArgvInput), Object(Symfony\\Component\\Console\\Output\\ConsoleOutput))
#31 /Users/eash/Downloads/erpv2/vendor/symfony/console/Application.php(342): Symfony\\Component\\Console\\Application->doRunCommand(Object(Illuminate\\Database\\Console\\Migrations\\MigrateCommand), Object(Symfony\\Component\\Console\\Input\\ArgvInput), Object(Symfony\\Component\\Console\\Output\\ConsoleOutput))
#32 /Users/eash/Downloads/erpv2/vendor/symfony/console/Application.php(193): Symfony\\Component\\Console\\Application->doRun(Object(Symfony\\Component\\Console\\Input\\ArgvInput), Object(Symfony\\Component\\Console\\Output\\ConsoleOutput))
#33 /Users/eash/Downloads/erpv2/vendor/laravel/framework/src/Illuminate/Foundation/Console/Kernel.php(197): Symfony\\Component\\Console\\Application->run(Object(Symfony\\Component\\Console\\Input\\ArgvInput), Object(Symfony\\Component\\Console\\Output\\ConsoleOutput))
#34 /Users/eash/Downloads/erpv2/artisan(35): Illuminate\\Foundation\\Console\\Kernel->handle(Object(Symfony\\Component\\Console\\Input\\ArgvInput), Object(Symfony\\Component\\Console\\Output\\ConsoleOutput))
#35 {main}
"} 
[2026-04-08 20:18:03] local.ERROR: Target class [Modules\Zoom\Repositories\Interfaces\VirtualClassRepositoryInterface] does not exist. {"exception":"[object] (Illuminate\\Contracts\\Container\\BindingResolutionException(code: 0): Target class [Modules\\Zoom\\Repositories\\Interfaces\\VirtualClassRepositoryInterface] does not exist. at /Users/eash/Downloads/erpv2/vendor/laravel/framework/src/Illuminate/Container/Container.php:1019)
[stacktrace]
#0 /Users/eash/Downloads/erpv2/vendor/laravel/framework/src/Illuminate/Container/Container.php(890): Illuminate\\Container\\Container->build('Modules\\\\Zoom\\\\Re...')
#1 /Users/eash/Downloads/erpv2/vendor/laravel/framework/src/Illuminate/Foundation/Application.php(1077): Illuminate\\Container\\Container->resolve('Modules\\\\Zoom\\\\Re...', Array, true)
#2 /Users/eash/Downloads/erpv2/vendor/laravel/framework/src/Illuminate/Container/Container.php(821): Illuminate\\Foundation\\Application->resolve('Modules\\\\Zoom\\\\Re...', Array)
#3 /Users/eash/Downloads/erpv2/vendor/laravel/framework/src/Illuminate/Foundation/Application.php(1057): Illuminate\\Container\\Container->make('Modules\\\\Zoom\\\\Re...', Array)
#4 /Users/eash/Downloads/erpv2/vendor/laravel/framework/src/Illuminate/Container/Container.php(1202): Illuminate\\Foundation\\Application->make('Modules\\\\Zoom\\\\Re...')
#5 /Users/eash/Downloads/erpv2/vendor/laravel/framework/src/Illuminate/Container/Container.php(1101): Illuminate\\Container\\Container->resolveClass(Object(ReflectionParameter))
#6 /Users/eash/Downloads/erpv2/vendor/laravel/framework/src/Illuminate/Container/Container.php(1052): Illuminate\\Container\\Container->resolveDependencies(Array)
#7 /Users/eash/Downloads/erpv2/vendor/laravel/framework/src/Illuminate/Container/Container.php(890): Illuminate\\Container\\Container->build('App\\\\Http\\\\Contro...')
#8 /Users/eash/Downloads/erpv2/vendor/laravel/framework/src/Illuminate/Foundation/Application.php(1077): Illuminate\\Container\\Container->resolve('App\\\\Http\\\\Contro...', Array, true)
#9 /Users/eash/Downloads/erpv2/vendor/laravel/framework/src/Illuminate/Container/Container.php(821): Illuminate\\Foundation\\Application->resolve('App\\\\Http\\\\Contro...', Array)
#10 /Users/eash/Downloads/erpv2/vendor/laravel/framework/src/Illuminate/Foundation/Application.php(1057): Illuminate\\Container\\Container->make('App\\\\Http\\\\Contro...', Array)
#11 /Users/eash/Downloads/erpv2/vendor/laravel/framework/src/Illuminate/Routing/Route.php(286): Illuminate\\Foundation\\Application->make('App\\\\Http\\\\Contro...')
#12 /Users/eash/Downloads/erpv2/vendor/laravel/framework/src/Illuminate/Routing/Route.php(1127): Illuminate\\Routing\\Route->getController()
#13 /Users/eash/Downloads/erpv2/vendor/laravel/framework/src/Illuminate/Routing/Route.php(1056): Illuminate\\Routing\\Route->controllerMiddleware()
#14 /Users/eash/Downloads/erpv2/vendor/laravel/framework/src/Illuminate/Routing/Router.php(820): Illuminate\\Routing\\Route->gatherMiddleware()
#15 /Users/eash/Downloads/erpv2/vendor/laravel/framework/src/Illuminate/Foundation/Console/RouteListCommand.php(211): Illuminate\\Routing\\Router->gatherRouteMiddleware(Object(Illuminate\\Routing\\Route))
#16 /Users/eash/Downloads/erpv2/vendor/laravel/framework/src/Illuminate/Foundation/Console/RouteListCommand.php(148): Illuminate\\Foundation\\Console\\RouteListCommand->getMiddleware(Object(Illuminate\\Routing\\Route))
#17 /Users/eash/Downloads/erpv2/vendor/laravel/framework/src/Illuminate/Foundation/Console/RouteListCommand.php(117): Illuminate\\Foundation\\Console\\RouteListCommand->getRouteInformation(Object(Illuminate\\Routing\\Route))
#18 [internal function]: Illuminate\\Foundation\\Console\\RouteListCommand->Illuminate\\Foundation\\Console\\{closure}(Object(Illuminate\\Routing\\Route), 1165)
#19 /Users/eash/Downloads/erpv2/vendor/laravel/framework/src/Illuminate/Collections/Arr.php(679): array_map(Object(Closure), Array, Array)
#20 /Users/eash/Downloads/erpv2/vendor/laravel/framework/src/Illuminate/Collections/Collection.php(800): Illuminate\\Support\\Arr::map(Array, Object(Closure))
#21 /Users/eash/Downloads/erpv2/vendor/laravel/framework/src/Illuminate/Foundation/Console/RouteListCommand.php(117): Illuminate\\Support\\Collection->map(Object(Closure))
#22 /Users/eash/Downloads/erpv2/vendor/laravel/framework/src/Illuminate/Foundation/Console/RouteListCommand.php(102): Illuminate\\Foundation\\Console\\RouteListCommand->getRoutes()
#23 /Users/eash/Downloads/erpv2/vendor/laravel/framework/src/Illuminate/Container/BoundMethod.php(36): Illuminate\\Foundation\\Console\\RouteListCommand->handle()
#24 /Users/eash/Downloads/erpv2/vendor/laravel/framework/src/Illuminate/Container/Util.php(43): Illuminate\\Container\\BoundMethod::Illuminate\\Container\\{closure}()
#25 /Users/eash/Downloads/erpv2/vendor/laravel/framework/src/Illuminate/Container/BoundMethod.php(96): Illuminate\\Container\\Util::unwrapIfClosure(Object(Closure))
#26 /Users/eash/Downloads/erpv2/vendor/laravel/framework/src/Illuminate/Container/BoundMethod.php(35): Illuminate\\Container\\BoundMethod::callBoundMethod(Object(Illuminate\\Foundation\\Application), Array, Object(Closure))
#27 /Users/eash/Downloads/erpv2/vendor/laravel/framework/src/Illuminate/Container/Container.php(754): Illuminate\\Container\\BoundMethod::call(Object(Illuminate\\Foundation\\Application), Array, Array, NULL)
#28 /Users/eash/Downloads/erpv2/vendor/laravel/framework/src/Illuminate/Console/Command.php(211): Illuminate\\Container\\Container->call(Array)
#29 /Users/eash/Downloads/erpv2/vendor/symfony/console/Command/Command.php(279): Illuminate\\Console\\Command->execute(Object(Symfony\\Component\\Console\\Input\\ArgvInput), Object(Illuminate\\Console\\OutputStyle))
#30 /Users/eash/Downloads/erpv2/vendor/laravel/framework/src/Illuminate/Console/Command.php(180): Symfony\\Component\\Console\\Command\\Command->run(Object(Symfony\\Component\\Console\\Input\\ArgvInput), Object(Illuminate\\Console\\OutputStyle))
#31 /Users/eash/Downloads/erpv2/vendor/symfony/console/Application.php(1094): Illuminate\\Console\\Command->run(Object(Symfony\\Component\\Console\\Input\\ArgvInput), Object(Symfony\\Component\\Console\\Output\\ConsoleOutput))
#32 /Users/eash/Downloads/erpv2/vendor/symfony/console/Application.php(342): Symfony\\Component\\Console\\Application->doRunCommand(Object(Illuminate\\Foundation\\Console\\RouteListCommand), Object(Symfony\\Component\\Console\\Input\\ArgvInput), Object(Symfony\\Component\\Console\\Output\\ConsoleOutput))
#33 /Users/eash/Downloads/erpv2/vendor/symfony/console/Application.php(193): Symfony\\Component\\Console\\Application->doRun(Object(Symfony\\Component\\Console\\Input\\ArgvInput), Object(Symfony\\Component\\Console\\Output\\ConsoleOutput))
#34 /Users/eash/Downloads/erpv2/vendor/laravel/framework/src/Illuminate/Foundation/Console/Kernel.php(197): Symfony\\Component\\Console\\Application->run(Object(Symfony\\Component\\Console\\Input\\ArgvInput), Object(Symfony\\Component\\Console\\Output\\ConsoleOutput))
#35 /Users/eash/Downloads/erpv2/artisan(35): Illuminate\\Foundation\\Console\\Kernel->handle(Object(Symfony\\Component\\Console\\Input\\ArgvInput), Object(Symfony\\Component\\Console\\Output\\ConsoleOutput))
#36 {main}

[previous exception] [object] (ReflectionException(code: -1): Class \"Modules\\Zoom\\Repositories\\Interfaces\\VirtualClassRepositoryInterface\" does not exist at /Users/eash/Downloads/erpv2/vendor/laravel/framework/src/Illuminate/Container/Container.php:1017)
[stacktrace]
#0 /Users/eash/Downloads/erpv2/vendor/laravel/framework/src/Illuminate/Container/Container.php(1017): ReflectionClass->__construct('Modules\\\\Zoom\\\\Re...')
#1 /Users/eash/Downloads/erpv2/vendor/laravel/framework/src/Illuminate/Container/Container.php(890): Illuminate\\Container\\Container->build('Modules\\\\Zoom\\\\Re...')
#2 /Users/eash/Downloads/erpv2/vendor/laravel/framework/src/Illuminate/Foundation/Application.php(1077): Illuminate\\Container\\Container->resolve('Modules\\\\Zoom\\\\Re...', Array, true)
#3 /Users/eash/Downloads/erpv2/vendor/laravel/framework/src/Illuminate/Container/Container.php(821): Illuminate\\Foundation\\Application->resolve('Modules\\\\Zoom\\\\Re...', Array)
#4 /Users/eash/Downloads/erpv2/vendor/laravel/framework/src/Illuminate/Foundation/Application.php(1057): Illuminate\\Container\\Container->make('Modules\\\\Zoom\\\\Re...', Array)
#5 /Users/eash/Downloads/erpv2/vendor/laravel/framework/src/Illuminate/Container/Container.php(1202): Illuminate\\Foundation\\Application->make('Modules\\\\Zoom\\\\Re...')
#6 /Users/eash/Downloads/erpv2/vendor/laravel/framework/src/Illuminate/Container/Container.php(1101): Illuminate\\Container\\Container->resolveClass(Object(ReflectionParameter))
#7 /Users/eash/Downloads/erpv2/vendor/laravel/framework/src/Illuminate/Container/Container.php(1052): Illuminate\\Container\\Container->resolveDependencies(Array)
#8 /Users/eash/Downloads/erpv2/vendor/laravel/framework/src/Illuminate/Container/Container.php(890): Illuminate\\Container\\Container->build('App\\\\Http\\\\Contro...')
#9 /Users/eash/Downloads/erpv2/vendor/laravel/framework/src/Illuminate/Foundation/Application.php(1077): Illuminate\\Container\\Container->resolve('App\\\\Http\\\\Contro...', Array, true)
#10 /Users/eash/Downloads/erpv2/vendor/laravel/framework/src/Illuminate/Container/Container.php(821): Illuminate\\Foundation\\Application->resolve('App\\\\Http\\\\Contro...', Array)
#11 /Users/eash/Downloads/erpv2/vendor/laravel/framework/src/Illuminate/Foundation/Application.php(1057): Illuminate\\Container\\Container->make('App\\\\Http\\\\Contro...', Array)
#12 /Users/eash/Downloads/erpv2/vendor/laravel/framework/src/Illuminate/Routing/Route.php(286): Illuminate\\Foundation\\Application->make('App\\\\Http\\\\Contro...')
#13 /Users/eash/Downloads/erpv2/vendor/laravel/framework/src/Illuminate/Routing/Route.php(1127): Illuminate\\Routing\\Route->getController()
#14 /Users/eash/Downloads/erpv2/vendor/laravel/framework/src/Illuminate/Routing/Route.php(1056): Illuminate\\Routing\\Route->controllerMiddleware()
#15 /Users/eash/Downloads/erpv2/vendor/laravel/framework/src/Illuminate/Routing/Router.php(820): Illuminate\\Routing\\Route->gatherMiddleware()
#16 /Users/eash/Downloads/erpv2/vendor/laravel/framework/src/Illuminate/Foundation/Console/RouteListCommand.php(211): Illuminate\\Routing\\Router->gatherRouteMiddleware(Object(Illuminate\\Routing\\Route))
#17 /Users/eash/Downloads/erpv2/vendor/laravel/framework/src/Illuminate/Foundation/Console/RouteListCommand.php(148): Illuminate\\Foundation\\Console\\RouteListCommand->getMiddleware(Object(Illuminate\\Routing\\Route))
#18 /Users/eash/Downloads/erpv2/vendor/laravel/framework/src/Illuminate/Foundation/Console/RouteListCommand.php(117): Illuminate\\Foundation\\Console\\RouteListCommand->getRouteInformation(Object(Illuminate\\Routing\\Route))
#19 [internal function]: Illuminate\\Foundation\\Console\\RouteListCommand->Illuminate\\Foundation\\Console\\{closure}(Object(Illuminate\\Routing\\Route), 1165)
#20 /Users/eash/Downloads/erpv2/vendor/laravel/framework/src/Illuminate/Collections/Arr.php(679): array_map(Object(Closure), Array, Array)
#21 /Users/eash/Downloads/erpv2/vendor/laravel/framework/src/Illuminate/Collections/Collection.php(800): Illuminate\\Support\\Arr::map(Array, Object(Closure))
#22 /Users/eash/Downloads/erpv2/vendor/laravel/framework/src/Illuminate/Foundation/Console/RouteListCommand.php(117): Illuminate\\Support\\Collection->map(Object(Closure))
#23 /Users/eash/Downloads/erpv2/vendor/laravel/framework/src/Illuminate/Foundation/Console/RouteListCommand.php(102): Illuminate\\Foundation\\Console\\RouteListCommand->getRoutes()
#24 /Users/eash/Downloads/erpv2/vendor/laravel/framework/src/Illuminate/Container/BoundMethod.php(36): Illuminate\\Foundation\\Console\\RouteListCommand->handle()
#25 /Users/eash/Downloads/erpv2/vendor/laravel/framework/src/Illuminate/Container/Util.php(43): Illuminate\\Container\\BoundMethod::Illuminate\\Container\\{closure}()
#26 /Users/eash/Downloads/erpv2/vendor/laravel/framework/src/Illuminate/Container/BoundMethod.php(96): Illuminate\\Container\\Util::unwrapIfClosure(Object(Closure))
#27 /Users/eash/Downloads/erpv2/vendor/laravel/framework/src/Illuminate/Container/BoundMethod.php(35): Illuminate\\Container\\BoundMethod::callBoundMethod(Object(Illuminate\\Foundation\\Application), Array, Object(Closure))
#28 /Users/eash/Downloads/erpv2/vendor/laravel/framework/src/Illuminate/Container/Container.php(754): Illuminate\\Container\\BoundMethod::call(Object(Illuminate\\Foundation\\Application), Array, Array, NULL)
#29 /Users/eash/Downloads/erpv2/vendor/laravel/framework/src/Illuminate/Console/Command.php(211): Illuminate\\Container\\Container->call(Array)
#30 /Users/eash/Downloads/erpv2/vendor/symfony/console/Command/Command.php(279): Illuminate\\Console\\Command->execute(Object(Symfony\\Component\\Console\\Input\\ArgvInput), Object(Illuminate\\Console\\OutputStyle))
#31 /Users/eash/Downloads/erpv2/vendor/laravel/framework/src/Illuminate/Console/Command.php(180): Symfony\\Component\\Console\\Command\\Command->run(Object(Symfony\\Component\\Console\\Input\\ArgvInput), Object(Illuminate\\Console\\OutputStyle))
#32 /Users/eash/Downloads/erpv2/vendor/symfony/console/Application.php(1094): Illuminate\\Console\\Command->run(Object(Symfony\\Component\\Console\\Input\\ArgvInput), Object(Symfony\\Component\\Console\\Output\\ConsoleOutput))
#33 /Users/eash/Downloads/erpv2/vendor/symfony/console/Application.php(342): Symfony\\Component\\Console\\Application->doRunCommand(Object(Illuminate\\Foundation\\Console\\RouteListCommand), Object(Symfony\\Component\\Console\\Input\\ArgvInput), Object(Symfony\\Component\\Console\\Output\\ConsoleOutput))
#34 /Users/eash/Downloads/erpv2/vendor/symfony/console/Application.php(193): Symfony\\Component\\Console\\Application->doRun(Object(Symfony\\Component\\Console\\Input\\ArgvInput), Object(Symfony\\Component\\Console\\Output\\ConsoleOutput))
#35 /Users/eash/Downloads/erpv2/vendor/laravel/framework/src/Illuminate/Foundation/Console/Kernel.php(197): Symfony\\Component\\Console\\Application->run(Object(Symfony\\Component\\Console\\Input\\ArgvInput), Object(Symfony\\Component\\Console\\Output\\ConsoleOutput))
#36 /Users/eash/Downloads/erpv2/artisan(35): Illuminate\\Foundation\\Console\\Kernel->handle(Object(Symfony\\Component\\Console\\Input\\ArgvInput), Object(Symfony\\Component\\Console\\Output\\ConsoleOutput))
#37 {main}
"} 
