[2026-03-27 19:22:41] Production.ERROR: PHP Parse error: Syntax error, unexpected '=' on line 1 {"exception":"[object] (Psy\\Exception\\ParseErrorException(code: 0): PHP Parse error: Syntax error, unexpected '=' on line 1 at /home/u841409365/domains/test-technoprint.online/public_html/erpv2/vendor/psy/psysh/src/Exception/ParseErrorException.php:44)
[stacktrace]
#0 /home/u841409365/domains/test-technoprint.online/public_html/erpv2/vendor/psy/psysh/src/CodeCleaner.php(306): Psy\\Exception\\ParseErrorException::fromParseError()
#1 /home/u841409365/domains/test-technoprint.online/public_html/erpv2/vendor/psy/psysh/src/CodeCleaner.php(240): Psy\\CodeCleaner->parse()
#2 /home/u841409365/domains/test-technoprint.online/public_html/erpv2/vendor/psy/psysh/src/Shell.php(852): Psy\\CodeCleaner->clean()
#3 /home/u841409365/domains/test-technoprint.online/public_html/erpv2/vendor/psy/psysh/src/Shell.php(881): Psy\\Shell->addCode()
#4 /home/u841409365/domains/test-technoprint.online/public_html/erpv2/vendor/psy/psysh/src/Shell.php(1390): Psy\\Shell->setCode()
#5 /home/u841409365/domains/test-technoprint.online/public_html/erpv2/vendor/laravel/tinker/src/Console/TinkerCommand.php(76): Psy\\Shell->execute()
#6 /home/u841409365/domains/test-technoprint.online/public_html/erpv2/vendor/laravel/framework/src/Illuminate/Container/BoundMethod.php(36): Laravel\\Tinker\\Console\\TinkerCommand->handle()
#7 /home/u841409365/domains/test-technoprint.online/public_html/erpv2/vendor/laravel/framework/src/Illuminate/Container/Util.php(43): Illuminate\\Container\\BoundMethod::Illuminate\\Container\\{closure}()
#8 /home/u841409365/domains/test-technoprint.online/public_html/erpv2/vendor/laravel/framework/src/Illuminate/Container/BoundMethod.php(96): Illuminate\\Container\\Util::unwrapIfClosure()
#9 /home/u841409365/domains/test-technoprint.online/public_html/erpv2/vendor/laravel/framework/src/Illuminate/Container/BoundMethod.php(35): Illuminate\\Container\\BoundMethod::callBoundMethod()
#10 /home/u841409365/domains/test-technoprint.online/public_html/erpv2/vendor/laravel/framework/src/Illuminate/Container/Container.php(754): Illuminate\\Container\\BoundMethod::call()
#11 /home/u841409365/domains/test-technoprint.online/public_html/erpv2/vendor/laravel/framework/src/Illuminate/Console/Command.php(211): Illuminate\\Container\\Container->call()
#12 /home/u841409365/domains/test-technoprint.online/public_html/erpv2/vendor/symfony/console/Command/Command.php(279): Illuminate\\Console\\Command->execute()
#13 /home/u841409365/domains/test-technoprint.online/public_html/erpv2/vendor/laravel/framework/src/Illuminate/Console/Command.php(180): Symfony\\Component\\Console\\Command\\Command->run()
#14 /home/u841409365/domains/test-technoprint.online/public_html/erpv2/vendor/symfony/console/Application.php(1094): Illuminate\\Console\\Command->run()
#15 /home/u841409365/domains/test-technoprint.online/public_html/erpv2/vendor/symfony/console/Application.php(342): Symfony\\Component\\Console\\Application->doRunCommand()
#16 /home/u841409365/domains/test-technoprint.online/public_html/erpv2/vendor/symfony/console/Application.php(193): Symfony\\Component\\Console\\Application->doRun()
#17 /home/u841409365/domains/test-technoprint.online/public_html/erpv2/vendor/laravel/framework/src/Illuminate/Foundation/Console/Kernel.php(197): Symfony\\Component\\Console\\Application->run()
#18 /home/u841409365/domains/test-technoprint.online/public_html/erpv2/artisan(35): Illuminate\\Foundation\\Console\\Kernel->handle()
#19 {main}
"} 
[2026-03-27 19:24:37] Production.ERROR: PHP Parse error: Syntax error, unexpected '=' on line 1 {"exception":"[object] (Psy\\Exception\\ParseErrorException(code: 0): PHP Parse error: Syntax error, unexpected '=' on line 1 at /home/u841409365/domains/test-technoprint.online/public_html/erpv2/vendor/psy/psysh/src/Exception/ParseErrorException.php:44)
[stacktrace]
#0 /home/u841409365/domains/test-technoprint.online/public_html/erpv2/vendor/psy/psysh/src/CodeCleaner.php(306): Psy\\Exception\\ParseErrorException::fromParseError()
#1 /home/u841409365/domains/test-technoprint.online/public_html/erpv2/vendor/psy/psysh/src/CodeCleaner.php(240): Psy\\CodeCleaner->parse()
#2 /home/u841409365/domains/test-technoprint.online/public_html/erpv2/vendor/psy/psysh/src/Shell.php(852): Psy\\CodeCleaner->clean()
#3 /home/u841409365/domains/test-technoprint.online/public_html/erpv2/vendor/psy/psysh/src/Shell.php(881): Psy\\Shell->addCode()
#4 /home/u841409365/domains/test-technoprint.online/public_html/erpv2/vendor/psy/psysh/src/Shell.php(1390): Psy\\Shell->setCode()
#5 /home/u841409365/domains/test-technoprint.online/public_html/erpv2/vendor/laravel/tinker/src/Console/TinkerCommand.php(76): Psy\\Shell->execute()
#6 /home/u841409365/domains/test-technoprint.online/public_html/erpv2/vendor/laravel/framework/src/Illuminate/Container/BoundMethod.php(36): Laravel\\Tinker\\Console\\TinkerCommand->handle()
#7 /home/u841409365/domains/test-technoprint.online/public_html/erpv2/vendor/laravel/framework/src/Illuminate/Container/Util.php(43): Illuminate\\Container\\BoundMethod::Illuminate\\Container\\{closure}()
#8 /home/u841409365/domains/test-technoprint.online/public_html/erpv2/vendor/laravel/framework/src/Illuminate/Container/BoundMethod.php(96): Illuminate\\Container\\Util::unwrapIfClosure()
#9 /home/u841409365/domains/test-technoprint.online/public_html/erpv2/vendor/laravel/framework/src/Illuminate/Container/BoundMethod.php(35): Illuminate\\Container\\BoundMethod::callBoundMethod()
#10 /home/u841409365/domains/test-technoprint.online/public_html/erpv2/vendor/laravel/framework/src/Illuminate/Container/Container.php(754): Illuminate\\Container\\BoundMethod::call()
#11 /home/u841409365/domains/test-technoprint.online/public_html/erpv2/vendor/laravel/framework/src/Illuminate/Console/Command.php(211): Illuminate\\Container\\Container->call()
#12 /home/u841409365/domains/test-technoprint.online/public_html/erpv2/vendor/symfony/console/Command/Command.php(279): Illuminate\\Console\\Command->execute()
#13 /home/u841409365/domains/test-technoprint.online/public_html/erpv2/vendor/laravel/framework/src/Illuminate/Console/Command.php(180): Symfony\\Component\\Console\\Command\\Command->run()
#14 /home/u841409365/domains/test-technoprint.online/public_html/erpv2/vendor/symfony/console/Application.php(1094): Illuminate\\Console\\Command->run()
#15 /home/u841409365/domains/test-technoprint.online/public_html/erpv2/vendor/symfony/console/Application.php(342): Symfony\\Component\\Console\\Application->doRunCommand()
#16 /home/u841409365/domains/test-technoprint.online/public_html/erpv2/vendor/symfony/console/Application.php(193): Symfony\\Component\\Console\\Application->doRun()
#17 /home/u841409365/domains/test-technoprint.online/public_html/erpv2/vendor/laravel/framework/src/Illuminate/Foundation/Console/Kernel.php(197): Symfony\\Component\\Console\\Application->run()
#18 /home/u841409365/domains/test-technoprint.online/public_html/erpv2/artisan(35): Illuminate\\Foundation\\Console\\Kernel->handle()
#19 {main}
"} 
[2026-03-27 19:45:47] Production.ERROR: PHP Parse error: Syntax error, unexpected '=' on line 1 {"exception":"[object] (Psy\\Exception\\ParseErrorException(code: 0): PHP Parse error: Syntax error, unexpected '=' on line 1 at /home/u841409365/domains/test-technoprint.online/public_html/erpv2/vendor/psy/psysh/src/Exception/ParseErrorException.php:44)
[stacktrace]
#0 /home/u841409365/domains/test-technoprint.online/public_html/erpv2/vendor/psy/psysh/src/CodeCleaner.php(306): Psy\\Exception\\ParseErrorException::fromParseError()
#1 /home/u841409365/domains/test-technoprint.online/public_html/erpv2/vendor/psy/psysh/src/CodeCleaner.php(240): Psy\\CodeCleaner->parse()
#2 /home/u841409365/domains/test-technoprint.online/public_html/erpv2/vendor/psy/psysh/src/Shell.php(852): Psy\\CodeCleaner->clean()
#3 /home/u841409365/domains/test-technoprint.online/public_html/erpv2/vendor/psy/psysh/src/Shell.php(881): Psy\\Shell->addCode()
#4 /home/u841409365/domains/test-technoprint.online/public_html/erpv2/vendor/psy/psysh/src/Shell.php(1390): Psy\\Shell->setCode()
#5 /home/u841409365/domains/test-technoprint.online/public_html/erpv2/vendor/laravel/tinker/src/Console/TinkerCommand.php(76): Psy\\Shell->execute()
#6 /home/u841409365/domains/test-technoprint.online/public_html/erpv2/vendor/laravel/framework/src/Illuminate/Container/BoundMethod.php(36): Laravel\\Tinker\\Console\\TinkerCommand->handle()
#7 /home/u841409365/domains/test-technoprint.online/public_html/erpv2/vendor/laravel/framework/src/Illuminate/Container/Util.php(43): Illuminate\\Container\\BoundMethod::Illuminate\\Container\\{closure}()
#8 /home/u841409365/domains/test-technoprint.online/public_html/erpv2/vendor/laravel/framework/src/Illuminate/Container/BoundMethod.php(96): Illuminate\\Container\\Util::unwrapIfClosure()
#9 /home/u841409365/domains/test-technoprint.online/public_html/erpv2/vendor/laravel/framework/src/Illuminate/Container/BoundMethod.php(35): Illuminate\\Container\\BoundMethod::callBoundMethod()
#10 /home/u841409365/domains/test-technoprint.online/public_html/erpv2/vendor/laravel/framework/src/Illuminate/Container/Container.php(754): Illuminate\\Container\\BoundMethod::call()
#11 /home/u841409365/domains/test-technoprint.online/public_html/erpv2/vendor/laravel/framework/src/Illuminate/Console/Command.php(211): Illuminate\\Container\\Container->call()
#12 /home/u841409365/domains/test-technoprint.online/public_html/erpv2/vendor/symfony/console/Command/Command.php(279): Illuminate\\Console\\Command->execute()
#13 /home/u841409365/domains/test-technoprint.online/public_html/erpv2/vendor/laravel/framework/src/Illuminate/Console/Command.php(180): Symfony\\Component\\Console\\Command\\Command->run()
#14 /home/u841409365/domains/test-technoprint.online/public_html/erpv2/vendor/symfony/console/Application.php(1094): Illuminate\\Console\\Command->run()
#15 /home/u841409365/domains/test-technoprint.online/public_html/erpv2/vendor/symfony/console/Application.php(342): Symfony\\Component\\Console\\Application->doRunCommand()
#16 /home/u841409365/domains/test-technoprint.online/public_html/erpv2/vendor/symfony/console/Application.php(193): Symfony\\Component\\Console\\Application->doRun()
#17 /home/u841409365/domains/test-technoprint.online/public_html/erpv2/vendor/laravel/framework/src/Illuminate/Foundation/Console/Kernel.php(197): Symfony\\Component\\Console\\Application->run()
#18 /home/u841409365/domains/test-technoprint.online/public_html/erpv2/artisan(35): Illuminate\\Foundation\\Console\\Kernel->handle()
#19 {main}
"} 
[2026-03-27 19:54:02] Production.ERROR: PHP Parse error: Syntax error, unexpected '=' on line 1 {"exception":"[object] (Psy\\Exception\\ParseErrorException(code: 0): PHP Parse error: Syntax error, unexpected '=' on line 1 at /home/u841409365/domains/test-technoprint.online/public_html/erpv2/vendor/psy/psysh/src/Exception/ParseErrorException.php:44)
[stacktrace]
#0 /home/u841409365/domains/test-technoprint.online/public_html/erpv2/vendor/psy/psysh/src/CodeCleaner.php(306): Psy\\Exception\\ParseErrorException::fromParseError()
#1 /home/u841409365/domains/test-technoprint.online/public_html/erpv2/vendor/psy/psysh/src/CodeCleaner.php(240): Psy\\CodeCleaner->parse()
#2 /home/u841409365/domains/test-technoprint.online/public_html/erpv2/vendor/psy/psysh/src/Shell.php(852): Psy\\CodeCleaner->clean()
#3 /home/u841409365/domains/test-technoprint.online/public_html/erpv2/vendor/psy/psysh/src/Shell.php(881): Psy\\Shell->addCode()
#4 /home/u841409365/domains/test-technoprint.online/public_html/erpv2/vendor/psy/psysh/src/Shell.php(1390): Psy\\Shell->setCode()
#5 /home/u841409365/domains/test-technoprint.online/public_html/erpv2/vendor/laravel/tinker/src/Console/TinkerCommand.php(76): Psy\\Shell->execute()
#6 /home/u841409365/domains/test-technoprint.online/public_html/erpv2/vendor/laravel/framework/src/Illuminate/Container/BoundMethod.php(36): Laravel\\Tinker\\Console\\TinkerCommand->handle()
#7 /home/u841409365/domains/test-technoprint.online/public_html/erpv2/vendor/laravel/framework/src/Illuminate/Container/Util.php(43): Illuminate\\Container\\BoundMethod::Illuminate\\Container\\{closure}()
#8 /home/u841409365/domains/test-technoprint.online/public_html/erpv2/vendor/laravel/framework/src/Illuminate/Container/BoundMethod.php(96): Illuminate\\Container\\Util::unwrapIfClosure()
#9 /home/u841409365/domains/test-technoprint.online/public_html/erpv2/vendor/laravel/framework/src/Illuminate/Container/BoundMethod.php(35): Illuminate\\Container\\BoundMethod::callBoundMethod()
#10 /home/u841409365/domains/test-technoprint.online/public_html/erpv2/vendor/laravel/framework/src/Illuminate/Container/Container.php(754): Illuminate\\Container\\BoundMethod::call()
#11 /home/u841409365/domains/test-technoprint.online/public_html/erpv2/vendor/laravel/framework/src/Illuminate/Console/Command.php(211): Illuminate\\Container\\Container->call()
#12 /home/u841409365/domains/test-technoprint.online/public_html/erpv2/vendor/symfony/console/Command/Command.php(279): Illuminate\\Console\\Command->execute()
#13 /home/u841409365/domains/test-technoprint.online/public_html/erpv2/vendor/laravel/framework/src/Illuminate/Console/Command.php(180): Symfony\\Component\\Console\\Command\\Command->run()
#14 /home/u841409365/domains/test-technoprint.online/public_html/erpv2/vendor/symfony/console/Application.php(1094): Illuminate\\Console\\Command->run()
#15 /home/u841409365/domains/test-technoprint.online/public_html/erpv2/vendor/symfony/console/Application.php(342): Symfony\\Component\\Console\\Application->doRunCommand()
#16 /home/u841409365/domains/test-technoprint.online/public_html/erpv2/vendor/symfony/console/Application.php(193): Symfony\\Component\\Console\\Application->doRun()
#17 /home/u841409365/domains/test-technoprint.online/public_html/erpv2/vendor/laravel/framework/src/Illuminate/Foundation/Console/Kernel.php(197): Symfony\\Component\\Console\\Application->run()
#18 /home/u841409365/domains/test-technoprint.online/public_html/erpv2/artisan(35): Illuminate\\Foundation\\Console\\Kernel->handle()
#19 {main}
"} 
